2026-01-15 12:37:34 - Creacion del usuario admin
2026-01-15 12:37:37 - admin - Inicio de sesión - Éxito
2026-01-15 12:40:43 - admin - Inicio de sesión - Éxito
2026-01-15 12:50:43 - admin - Inicio de sesión - Éxito
2026-01-15 12:53:56 - admin - Inicio de sesión - Éxito
2026-01-15 13:12:24 - admin - Inicio de sesión - Éxito
2026-01-15 14:26:33 - admin - Inicio de sesión - Éxito
2026-01-15 14:26:50 - admin - Inicio de sesión - Éxito
2026-01-16 08:05:00 - admin - Inicio de sesión - Éxito
2026-01-16 08:07:20 - admin - Inicio de sesión - Éxito
2026-01-16 08:24:17 - admin - Inicio de sesión - Éxito
2026-01-16 08:30:21 - admin - Inicio de sesión - Éxito
2026-01-16 08:33:07 - admin - Inicio de sesión - Éxito
2026-01-16 08:34:37 - admin - Inicio de sesión - Éxito
2026-01-16 08:38:54 - admin - Inicio de sesión - Éxito
2026-01-16 08:39:43 - admin - Inicio de sesión - Éxito
2026-01-16 08:46:15 - admin - Inicio de sesión - Éxito
2026-01-16 08:50:00 - admin - Inicio de sesión - Éxito
2026-01-16 08:54:50 - admin - Inicio de sesión - Éxito
2026-01-16 08:56:16 - admin - Inicio de sesión - Éxito
2026-01-16 08:58:27 - admin - Inicio de sesión - Éxito
2026-01-16 09:10:43 - admin - Inicio de sesión - Éxito
2026-01-16 09:18:53 - admin - Inicio de sesión - Éxito
2026-01-16 09:19:02 - admin - Inicio de sesión - Éxito
2026-01-16 09:20:12 - admin - Inicio de sesión - Éxito
2026-01-16 09:27:15 - admin - Inicio de sesión - Éxito
2026-01-16 09:47:13 - p - Inicio de sesión - Fallo
2026-01-16 09:47:24 - admin - Inicio de sesión - Éxito
2026-01-16 09:55:13 - admin - Inicio de sesión - Éxito
2026-01-16 09:56:06 - admin - Inicio de sesión - Éxito
2026-01-16 10:04:23 - admin - Inicio de sesión - Éxito
2026-01-16 10:23:19 - admin - Inicio de sesión - Éxito
2026-01-16 10:25:25 - admin - Inicio de sesión - Éxito
2026-01-16 10:33:32 - admin - Inicio de sesión - Éxito
2026-01-16 10:52:27 - admin - Inicio de sesión - Éxito
2026-01-16 10:56:34 - admin - Inicio de sesión - Éxito
2026-01-16 11:41:35 - admin - Inicio de sesión - Éxito
2026-01-16 12:01:54 - admin - Inicio de sesión - Éxito
2026-01-17 16:30:22 - admin - Inicio de sesión - Fallo
2026-01-17 16:30:24 - admin - Inicio de sesión - Éxito
2026-01-17 16:31:59 - admin - Inicio de sesión - Éxito
2026-01-17 16:35:01 - admin - Inicio de sesión - Éxito
2026-01-17 16:44:41 - admin - Inicio de sesión - Éxito
2026-01-17 16:48:37 - admin - Inicio de sesión - Éxito
2026-01-17 16:55:13 - admin - Inicio de sesión - Éxito
2026-01-17 16:58:22 - admin - Inicio de sesión - Éxito
2026-01-17 17:01:50 - admin - Inicio de sesión - Éxito
2026-01-17 17:19:37 - admin - Inicio de sesión - Éxito
2026-01-17 17:19:50 - admin - Inicio de sesión - Éxito
2026-01-17 17:21:02 - admin - Inicio de sesión - Éxito
2026-01-17 17:21:13 - admin - Inicio de sesión - Éxito
2026-01-17 17:21:45 - admin - Inicio de sesión - Éxito
2026-01-17 17:24:06 - admin - Inicio de sesión - Éxito
2026-01-17 17:24:53 - admin - Inicio de sesión - Éxito
2026-01-17 17:25:58 - admin - Inicio de sesión - Éxito
2026-01-17 17:26:57 - admin - Inicio de sesión - Éxito
2026-01-17 17:27:52 - admin - Inicio de sesión - Éxito
2026-01-17 17:28:21 - admin - Inicio de sesión - Éxito
2026-01-17 17:30:48 - admin - Inicio de sesión - Éxito
2026-01-17 17:32:07 - admin - Inicio de sesión - Éxito
2026-01-17 17:33:33 - admin - Inicio de sesión - Éxito
2026-01-17 17:40:10 - admin - Inicio de sesión - Éxito
2026-01-17 17:42:12 - admin - Inicio de sesión - Éxito
2026-01-17 17:44:08 - admin - Inicio de sesión - Éxito
2026-01-17 17:46:02 - admin - Inicio de sesión - Éxito
2026-01-17 17:46:23 - Nuevo usuario invitado creado con rol viewer
2026-01-17 17:46:35 - invitado - Inicio de sesión - Éxito
2026-01-17 17:59:34 - admin - Inicio de sesión - Éxito
2026-01-17 18:01:55 - admin - Inicio de sesión - Éxito
2026-01-17 18:02:07 - invitado - Inicio de sesión - Éxito
2026-01-17 18:25:10 - admin - Inicio de sesión - Éxito
2026-01-17 18:28:25 - admin - Inicio de sesión - Éxito
2026-01-17 18:34:11 - admin - Inicio de sesión - Fallo
2026-01-17 18:34:13 - admin - Inicio de sesión - Éxito
2026-01-17 18:36:48 - desconocido - ha creado el jugador Juan Perez (#2)
2026-01-17 18:36:48 - desconocido - ha creado el equipo Los Tigres (#2)
2026-01-17 18:36:48 - desconocido - ha creado la temporada Temporada 2024 (#2)
2026-01-17 18:36:48 - desconocido - ha creado la jornada #2 para la temporada #1
2026-01-17 18:36:48 - desconocido - ha creado el partido #2 entre equipos #1 y #1 en la jornada #1
2026-01-17 18:36:52 - desconocido - ha creado el jugador Juan Perez (#3)
2026-01-17 18:36:52 - desconocido - ha creado el equipo Los Tigres (#3)
2026-01-17 18:36:52 - desconocido - ha creado la temporada Temporada 2024 (#3)
2026-01-17 18:36:52 - desconocido - ha creado la jornada #3 para la temporada #1
2026-01-17 18:36:52 - desconocido - ha creado el partido #3 entre equipos #1 y #1 en la jornada #1
2026-01-17 18:37:01 - admin - Inicio de sesión - Éxito
2026-01-17 18:37:22 - admin - ha creado el jugador Pedro (#43)
2026-01-17 18:39:36 - admin - Inicio de sesión - Éxito
2026-01-17 18:41:55 - admin - Inicio de sesión - Éxito
2026-01-17 18:42:05 - admin - ha eliminado el jugador #43
2026-01-17 18:42:40 - admin - ha creado el jugador Pedro (#43)
2026-01-17 18:42:44 - admin - ha eliminado el jugador #43
2026-01-17 23:06:20 - admin - Inicio de sesión - Éxito
2026-01-17 23:23:29 - admin - Inicio de sesión - Éxito
2026-01-17 23:26:05 - admin - ha eliminado el jugador #1
2026-01-17 23:26:22 - admin - ha creado el jugador Jesús (#42)
2026-01-17 23:26:44 - admin - ha creado el jugador pedro (#43)
2026-01-17 23:26:49 - admin - ha eliminado el jugador #42
2026-01-17 23:26:52 - admin - ha eliminado el jugador #43
2026-01-17 23:26:59 - admin - ha eliminado el jugador #42
2026-01-17 23:27:14 - admin - ha creado el jugador Jesús Herrero Parrón (#41)
2026-01-17 23:30:00 - admin - Inicio de sesión - Éxito
2026-01-17 23:30:08 - admin - ha eliminado el jugador #41
2026-01-17 23:30:12 - admin - ha eliminado el jugador #41
2026-01-17 23:30:24 - admin - ha creado el jugador Jesús Herrero Parrón (#1)
2026-01-17 23:30:42 - admin - ha eliminado el jugador #2
2026-01-17 23:31:14 - admin - ha creado el jugador Jesús García Roldán (#2)
2026-01-17 23:34:44 - admin - Inicio de sesión - Éxito
2026-01-17 23:35:19 - admin - Inicio de sesión - Éxito
2026-01-17 23:35:39 - admin - Inicio de sesión - Éxito
2026-01-17 23:41:10 - admin - Inicio de sesión - Éxito
2026-01-17 23:41:37 - admin - ha creado el jugador Jon Joseba De Olabarria Gil (#41)
2026-01-17 23:41:55 - admin - ha creado el jugador Gabriel Morgato Shiga (#42)
2026-01-17 23:46:54 - admin - Inicio de sesión - Éxito
2026-01-17 23:53:44 - admin - Inicio de sesión - Éxito
2026-01-17 23:55:15 - admin - Inicio de sesión - Éxito
2026-01-18 00:00:23 - admin - Inicio de sesión - Éxito
2026-01-18 00:00:43 - admin - ha creado el jugador admin (#43)
2026-01-18 00:00:55 - admin - ha eliminado el jugador #43
2026-01-18 00:00:57 - admin - ha eliminado el jugador #42
2026-01-18 00:01:01 - admin - ha eliminado el jugador #41
2026-01-18 00:03:04 - admin - ha creado el jugador Jon Joseba De Olabarria Gil (#41)
2026-01-18 00:03:15 - admin - ha creado el jugador Gabriel Morgato Shiga (#42)
2026-01-18 00:03:33 - admin - ha eliminado el jugador #42
2026-01-18 00:03:46 - admin - ha creado el jugador Gabriel Morgato Shiga (#42)
2026-01-18 12:28:43 - admin - Inicio de sesión - Éxito
2026-01-18 12:31:48 - admin - Inicio de sesión - Éxito
2026-01-18 12:38:14 - admin - ha editado el jugador José Antonio Fernández Raya (#3)
2026-01-18 12:51:57 - admin - ha editado el jugador Rafael García Aguilera (#4)
2026-01-18 12:53:23 - admin - ha editado el jugador Cecilio Morales Barbado (#5)
2026-01-18 12:54:35 - admin - ha editado el jugador Jesús García Roldán (#2)
2026-01-18 14:55:22 - admin - Inicio de sesión - Éxito
2026-01-18 19:17:17 - admin - Inicio de sesión - Éxito
2026-01-18 19:17:27 - admin - Inicio de sesión - Éxito
2026-01-19 08:14:43 - admin - Inicio de sesión - Éxito
2026-01-19 08:20:49 - admin - Inicio de sesión - Éxito
2026-01-19 08:23:43 - admin - ha creado el jugador Oliver Solano (#43)
2026-01-19 08:27:41 - admin - ha creado el jugador José Antonio Guillamón Alcaraz (#44)
2026-01-19 08:28:21 - admin - ha creado el jugador Ginés Gabarrón Rodríguez (#45)
2026-01-19 08:29:01 - admin - ha creado el jugador Cicero Severino Da Silva Junior (#46)
2026-01-19 08:29:48 - admin - ha creado el jugador Francisco Tomaz Braga Nunes Cavalcante (#47)
2026-01-19 08:30:29 - admin - ha creado el jugador Jesús Izquierdo Carrillo (#48)
2026-01-19 08:31:07 - admin - ha creado el jugador Darío Gil Campoy (#49)
2026-01-19 08:31:57 - admin - ha creado el jugador Dídac Plana Oltra (#50)
2026-01-19 08:33:08 - admin - ha creado el jugador Miquel Feixas De Jesús (#51)
2026-01-19 08:33:46 - admin - ha creado el jugador Antonio Pérez Ortega (#52)
2026-01-19 08:34:12 - admin - ha creado el jugador Erick Olim de Mendoça (#53)
2026-01-19 08:34:46 - admin - ha creado el jugador Matheus Rodrigues Cézar da Silva (#54)
2026-01-19 08:35:10 - admin - ha creado el jugador Joao Victor Alves Sena (#55)
2026-01-19 08:35:33 - admin - ha creado el jugador Pol Pacheco González (#56)
2026-01-19 08:36:06 - admin - ha creado el jugador Eduardo Filipe Sousa (#57)
2026-01-19 08:36:24 - admin - ha creado el jugador Henrique Kasper Barbieri (#58)
2026-01-19 08:36:46 - admin - ha creado el jugador Ricardo Mayor Gonzálvez (#59)
2026-01-19 08:38:21 - admin - ha creado el jugador Rafael García Aguilera (#60)
2026-01-19 08:38:49 - admin - ha creado el jugador Ricardo Henrique Lemos Diniz (#61)
2026-01-19 08:39:19 - admin - ha creado el jugador Ricardo Henrique Lemos Diniz (#62)
2026-01-19 08:39:46 - admin - ha creado el jugador Marcel De Mendoça Marques (#63)
2026-01-19 08:40:10 - admin - ha creado el jugador David Álvarez Munteis (#64)
2026-01-19 08:42:36 - admin - ha creado el jugador Antonio Navarro López (#65)
2026-01-19 08:43:03 - admin - ha creado el jugador Daniel López Juárez (#66)
2026-01-19 08:43:52 - admin - ha creado el jugador Santiago Abilio Suárez García (#67)
2026-01-19 08:44:15 - admin - ha creado el jugador Javier Fernández Pacheco Serrano (#68)
2026-01-19 08:44:44 - admin - ha creado el jugador Antonio Escribano Gómez (#69)
2026-01-19 08:45:15 - admin - ha creado el jugador Deivid Pires da Silva Santos (#70)
2026-01-19 08:45:39 - admin - ha creado el jugador Javier Alonso Giménez (#71)
2026-01-19 08:47:15 - admin - ha creado el equipo Jimbee Cartagena Costa Cálida (#7)
2026-01-19 08:47:15 - admin - ha creado el equipo Jimbee Cartagena Costa Cálida (#8)
2026-01-19 08:47:47 - admin - ha creado el equipo Barça (#9)
2026-01-19 08:47:47 - admin - ha creado el equipo Barça (#10)
2026-01-19 08:48:15 - admin - ha eliminado el equipo #8
2026-01-19 08:48:19 - admin - ha eliminado el equipo #9
2026-01-19 08:48:21 - admin - ha eliminado el equipo #10
2026-01-19 08:49:49 - admin - ha creado el equipo Barca (#8)
2026-01-19 08:49:49 - admin - ha creado el equipo Barca (#9)
2026-01-19 08:50:08 - admin - ha eliminado el equipo #8
2026-01-19 08:50:46 - admin - Inicio de sesión - Éxito
2026-01-19 08:50:54 - admin - ha eliminado el equipo #9
2026-01-19 08:51:04 - admin - ha creado el equipo barca (#8)
2026-01-19 08:51:08 - admin - ha eliminado el equipo #8
2026-01-19 08:51:21 - admin - Inicio de sesión - Éxito
2026-01-19 08:51:32 - admin - ha creado el equipo fadf (#8)
2026-01-19 08:51:35 - admin - ha eliminado el equipo #8
2026-01-19 08:54:41 - admin - ha editado el equipo Islas Baleares Palma Futsal (#4)
2026-01-19 08:56:05 - admin - ha creado el equipo Barça (#8)
2026-01-19 09:01:37 - admin - ha creado el equipo ElPozo Murcia Costa Cálida (#9)
2026-01-19 09:02:10 - admin - ha creado el equipo Quesos Hidalgo Manzanares FS (#10)
2026-01-19 09:03:17 - admin - ha creado la temporada Temporada 25-26 (#2)
2026-01-19 09:03:17 - admin - ha añadido el equipo #4 a la temporada #2
2026-01-19 09:03:17 - admin - ha añadido el equipo #6 a la temporada #2
2026-01-19 09:03:17 - admin - ha añadido el equipo #7 a la temporada #2
2026-01-19 09:03:17 - admin - ha añadido el equipo #8 a la temporada #2
2026-01-19 09:03:17 - admin - ha añadido el equipo #9 a la temporada #2
2026-01-19 09:03:17 - admin - ha añadido el equipo #10 a la temporada #2
2026-01-19 09:03:17 - admin - ha creado el partido #31 entre equipos #9 y #10 en la jornada #12
2026-01-19 09:03:17 - admin - ha creado el partido #32 entre equipos #6 y #8 en la jornada #12
2026-01-19 09:03:17 - admin - ha creado el partido #33 entre equipos #7 y #4 en la jornada #12
2026-01-19 09:03:17 - admin - ha creado el partido #34 entre equipos #8 y #9 en la jornada #13
2026-01-19 09:03:17 - admin - ha creado el partido #35 entre equipos #10 y #4 en la jornada #13
2026-01-19 09:03:17 - admin - ha creado el partido #36 entre equipos #7 y #6 en la jornada #13
2026-01-19 09:03:17 - admin - ha creado el partido #37 entre equipos #7 y #9 en la jornada #14
2026-01-19 09:03:17 - admin - ha creado el partido #38 entre equipos #4 y #8 en la jornada #14
2026-01-19 09:03:17 - admin - ha creado el partido #39 entre equipos #6 y #10 en la jornada #14
2026-01-19 09:03:17 - admin - ha creado el partido #40 entre equipos #6 y #9 en la jornada #15
2026-01-19 09:03:17 - admin - ha creado el partido #41 entre equipos #7 y #10 en la jornada #15
2026-01-19 09:03:17 - admin - ha creado el partido #42 entre equipos #8 y #4 en la jornada #15
2026-01-19 09:03:17 - admin - ha creado el partido #43 entre equipos #9 y #6 en la jornada #16
2026-01-19 09:03:17 - admin - ha creado el partido #44 entre equipos #8 y #10 en la jornada #16
2026-01-19 09:03:17 - admin - ha creado el partido #45 entre equipos #4 y #7 en la jornada #16
2026-01-19 09:03:17 - admin - ha creado el partido #46 entre equipos #4 y #10 en la jornada #17
2026-01-19 09:03:17 - admin - ha creado el partido #47 entre equipos #9 y #8 en la jornada #17
2026-01-19 09:03:17 - admin - ha creado el partido #48 entre equipos #6 y #7 en la jornada #17
2026-01-19 09:03:17 - admin - ha creado el partido #49 entre equipos #6 y #4 en la jornada #18
2026-01-19 09:03:17 - admin - ha creado el partido #50 entre equipos #8 y #7 en la jornada #18
2026-01-19 09:03:17 - admin - ha creado el partido #51 entre equipos #10 y #9 en la jornada #18
2026-01-19 09:03:17 - admin - ha creado el partido #52 entre equipos #9 y #4 en la jornada #19
2026-01-19 09:03:17 - admin - ha creado el partido #53 entre equipos #10 y #8 en la jornada #19
2026-01-19 09:03:17 - admin - ha creado el partido #54 entre equipos #8 y #6 en la jornada #20
2026-01-19 09:03:17 - admin - ha creado el partido #55 entre equipos #4 y #9 en la jornada #20
2026-01-19 09:03:17 - admin - ha creado el partido #56 entre equipos #10 y #7 en la jornada #20
2026-01-19 09:03:17 - admin - ha creado el partido #57 entre equipos #10 y #6 en la jornada #21
2026-01-19 09:03:17 - admin - ha creado el partido #58 entre equipos #7 y #8 en la jornada #21
2026-01-19 09:03:17 - admin - ha creado el partido #59 entre equipos #9 y #7 en la jornada #22
2026-01-19 09:03:17 - admin - ha creado el partido #60 entre equipos #4 y #6 en la jornada #22
2026-01-19 09:28:33 - admin - ha editado el equipo Islas Baleares Palma Futsal (#4)
2026-01-19 09:39:27 - admin - ha editado el jugador Jesús Herrero Parrón (#1)
2026-01-19 09:40:22 - admin - ha editado el jugador Jesús García Roldán (#2)
2026-01-19 09:41:06 - admin - ha editado el jugador José Antonio Fernández Raya (#3)
2026-01-19 09:41:37 - admin - ha editado el jugador Rafael García Aguilera (#4)
2026-01-19 09:43:53 - admin - ha editado el jugador Jesús Herrero Parrón (#1)
2026-01-19 09:44:03 - admin - Inicio de sesión - Éxito
2026-01-19 09:44:20 - admin - ha editado el jugador Jesús Herrero Parrón (#1)
2026-01-19 09:45:39 - admin - Inicio de sesión - Éxito
2026-01-19 09:45:56 - admin - ha editado el jugador Jesús Herrero Parrón (#1)
2026-01-19 09:47:01 - admin - Inicio de sesión - Éxito
2026-01-19 09:47:20 - admin - ha editado el jugador Jesús Herrero Parrón (#1)
2026-01-19 09:48:56 - admin - Inicio de sesión - Éxito
2026-01-19 09:49:07 - admin - ha editado el jugador Jesús Herrero Parrón (#1)
2026-01-19 09:51:26 - admin - Inicio de sesión - Éxito
2026-01-19 09:52:15 - admin - Inicio de sesión - Éxito
2026-01-19 09:52:29 - admin - ha editado el jugador Jesús Herrero Parrón (#1)
2026-01-19 09:54:14 - admin - Inicio de sesión - Éxito
2026-01-19 09:54:32 - admin - ha editado el jugador Jesús Herrero Parrón (#1)
2026-01-19 09:56:41 - admin - Inicio de sesión - Éxito
2026-01-19 09:57:02 - admin - ha editado el jugador Jesús García Roldán (#2)
2026-01-19 09:58:20 - admin - Inicio de sesión - Éxito
2026-01-19 10:03:04 - admin - ha editado el jugador José Antonio Fernández Raya (#3)
2026-01-19 10:03:45 - admin - ha editado el jugador Rafael García Aguilera (#4)
2026-01-19 10:04:24 - admin - ha editado el jugador Cecilio Morales Barbado (#5)
2026-01-19 10:05:05 - admin - ha editado el jugador Bruno Rocha Braga (#6)
2026-01-19 10:05:30 - admin - ha editado el jugador Raúl Gómez del Olmo (#7)
2026-01-19 10:06:19 - admin - ha editado el jugador João Marcelo Magalhaes Frez (#8)
2026-01-19 10:06:57 - admin - ha editado el jugador Marcos Elián Ferreyra (#9)
2026-01-19 10:07:25 - admin - ha editado el jugador Marc Tolrá García (#10)
2026-01-19 10:09:11 - admin - ha editado el jugador Oriol Santos Martí (#11)
2026-01-19 10:09:37 - admin - ha editado el jugador Bernat Povil Cerdeira (#12)
2026-01-19 10:10:11 - admin - ha editado el jugador Victor Ramos Mora (#13)
2026-01-19 10:10:35 - admin - ha editado el jugador Marc Puigvert Esteve (#14)
2026-01-19 10:11:10 - admin - ha editado el jugador Víctor Areales Madueño (#15)
2026-01-19 10:11:38 - admin - ha editado el jugador Fabio Alvira Pérez (#16)
2026-01-19 10:12:04 - admin - ha editado el jugador Ioan Sergiu Sandru Grasu (#17)
2026-01-19 10:13:30 - admin - ha editado el jugador Emmanuel Alexis Alarcón (#18)
2026-01-19 10:14:04 - admin - ha editado el jugador Julio Damián Mareco Galeano (#19)
2026-01-19 10:15:47 - admin - ha editado el jugador Mykola Mykytiuk (#20)
2026-01-19 10:16:29 - admin - ha editado el jugador Pablo María Del Moral Jiménez (#21)
2026-01-19 10:26:45 - admin - Inicio de sesión - Éxito
2026-01-19 10:31:06 - admin - ha editado el jugador Carlos Eduardo Nesello Espindo (#29)
2026-01-19 10:31:56 - admin - ha editado el jugador Eduardo da Silva Ferreira Lima (#30)
2026-01-19 10:32:24 - admin - ha editado el jugador José Manuel Moreno Cutillas (#31)
2026-01-19 10:33:56 - admin - ha editado el jugador João Vítor Salla Vivan (#32)
2026-01-19 10:34:41 - admin - ha editado el jugador Fernando Montardo Trindate (#33)
2026-01-19 10:35:25 - admin - ha editado el jugador Carlos José Sanz Salcedo (#34)
2026-01-19 10:37:44 - admin - ha editado el jugador Cristhian Mendes da Silva (#35)
2026-01-19 10:42:13 - admin - ha editado el jugador Cecilio Morales Barbado (#5)
2026-01-19 10:45:06 - admin - Inicio de sesión - Éxito
2026-01-19 10:48:38 - admin - Inicio de sesión - Éxito
2026-01-19 10:52:28 - admin - ha editado el jugador Oliver Solano (#43)
2026-01-19 10:53:01 - admin - ha editado el jugador José Antonio Guillamón Alcaraz (#44)
2026-01-19 10:53:32 - admin - ha editado el jugador Ginés Gabarrón Rodríguez (#45)
2026-01-19 10:54:27 - admin - ha editado el jugador Cicero Severino Da Silva Junior (#46)
2026-01-19 10:55:03 - admin - ha editado el jugador Francisco Tomaz Braga Nunes Cavalcante (#47)
2026-01-19 10:55:34 - admin - ha editado el jugador Jesús Izquierdo Carrillo (#48)
2026-01-19 10:55:54 - admin - ha editado el jugador Darío Gil Campoy (#49)
2026-01-19 10:56:17 - admin - ha editado el jugador Dídac Plana Oltra (#50)
2026-01-19 10:56:34 - admin - ha editado el jugador Miquel Feixas De Jesús (#51)
2026-01-19 10:57:07 - admin - ha editado el jugador Antonio Pérez Ortega (#52)
2026-01-19 10:58:25 - admin - ha editado el jugador Erick Olim de Mendoça (#53)
2026-01-19 10:59:00 - admin - ha editado el jugador Matheus Rodrigues Cézar da Silva (#54)
2026-01-19 10:59:21 - admin - ha editado el jugador Joao Victor Alves Sena (#55)
2026-01-19 10:59:40 - admin - ha editado el jugador Pol Pacheco González (#56)
2026-01-19 11:00:16 - admin - ha editado el jugador Eduardo Filipe Sousa (#57)
2026-01-19 11:00:42 - admin - ha editado el jugador Henrique Kasper Barbieri (#58)
2026-01-19 11:01:20 - admin - ha editado el jugador Ricardo Mayor Gonzálvez (#59)
2026-01-19 11:37:17 - admin - Inicio de sesión - Éxito
2026-01-19 11:38:21 - admin - Inicio de sesión - Éxito
2026-01-19 11:41:40 - admin - Inicio de sesión - Éxito
2026-01-19 11:43:12 - admin - ha editado el jugador Carlos Barrón Redondo (#22)
2026-01-19 11:43:12 - admin - ha editado el jugador Carlos Barrón Redondo (#22)
2026-01-19 11:43:38 - admin - ha editado el jugador Carlos Barrón Redondo (#22)
2026-01-19 11:43:38 - admin - ha editado el jugador Carlos Barrón Redondo (#22)
2026-01-19 11:50:01 - admin - Inicio de sesión - Éxito
2026-01-19 11:53:06 - admin - ha editado el jugador Dennis Vasconcelos Cavalcanti (#23)
2026-01-19 11:53:06 - admin - ha editado el jugador Dennis Vasconcelos Cavalcanti (#23)
2026-01-19 11:56:28 - admin - ha editado el jugador Luan Muller Barboza (#24)
2026-01-19 11:56:28 - admin - ha editado el jugador Luan Muller Barboza (#24)
2026-01-19 11:58:50 - admin - ha editado el jugador David Pasinato Belorin (#25)
2026-01-19 11:58:50 - admin - ha editado el jugador David Pasinato Belorin (#25)
2026-01-19 11:59:51 - admin - ha editado el jugador Manuel Piqueras Dólera (#26)
2026-01-19 11:59:51 - admin - ha editado el jugador Manuel Piqueras Dólera (#26)
2026-01-19 12:02:42 - admin - ha editado el jugador Lucas Leandro Machado (#27)
2026-01-19 12:02:42 - admin - ha editado el jugador Lucas Leandro Machado (#27)
2026-01-19 12:03:24 - admin - ha editado el jugador David Peña Romero (#28)
2026-01-19 12:03:24 - admin - ha editado el jugador David Peña Romero (#28)
2026-01-19 12:04:32 - admin - ha editado el jugador Jesús Herrero Parrón (#1)
2026-01-19 12:05:41 - admin - ha editado el jugador Carlos Barrón Redondo (#22)
2026-01-19 12:05:41 - admin - ha editado el jugador Carlos Barrón Redondo (#22)
2026-01-19 12:07:07 - admin - ha editado el jugador Dennis Berthod (#36)
2026-01-19 12:07:07 - admin - ha editado el jugador Dennis Berthod (#36)
2026-01-19 12:08:38 - admin - ha editado el jugador Manuel Aguayo Aguayo (#37)
2026-01-19 12:08:38 - admin - ha editado el jugador Manuel Aguayo Aguayo (#37)
2026-01-19 12:09:59 - admin - ha editado el jugador Matías Starna (#38)
2026-01-19 12:09:59 - admin - ha editado el jugador Matías Starna (#38)
2026-01-19 12:11:07 - admin - ha editado el jugador Xavier Cols Bertrán (#39)
2026-01-19 12:11:07 - admin - ha editado el jugador Xavier Cols Bertrán (#39)
2026-01-19 12:11:59 - admin - ha editado el jugador Iván Rumbo Rodríguez (#40)
2026-01-19 12:11:59 - admin - ha editado el jugador Iván Rumbo Rodríguez (#40)
2026-01-19 12:12:36 - admin - ha editado el jugador Jon Joseba De Olabarria Gil (#41)
2026-01-19 12:12:36 - admin - ha editado el jugador Jon Joseba De Olabarria Gil (#41)
2026-01-19 12:13:26 - admin - ha editado el jugador Gabriel Morgato Shiga (#42)
2026-01-19 12:13:26 - admin - ha editado el jugador Gabriel Morgato Shiga (#42)
2026-01-19 12:14:30 - admin - ha editado el jugador Rafael García Aguilera (#60)
2026-01-19 12:15:04 - admin - ha editado el jugador Ricardo Henrique Lemos Diniz (#61)
2026-01-19 12:15:34 - admin - ha editado el jugador Ricardo Henrique Lemos Diniz (#62)
2026-01-19 12:16:32 - admin - ha editado el jugador Ricardo Henrique Lemos Diniz (#62)
2026-01-19 12:17:14 - admin - ha editado el jugador Marcel De Mendoça Marques (#63)
2026-01-19 12:17:32 - admin - ha editado el jugador David Álvarez Munteis (#64)
2026-01-19 12:18:09 - admin - ha editado el jugador Antonio Navarro López (#65)
2026-01-19 12:19:20 - admin - ha editado el jugador Daniel López Juárez (#66)
2026-01-19 12:22:17 - admin - ha editado el jugador Daniel López Juárez (#66)
2026-01-19 12:22:32 - admin - ha editado el jugador Santiago Abilio Suárez García (#67)
2026-01-19 12:22:56 - admin - ha editado el jugador Javier Fernández Pacheco Serrano (#68)
2026-01-19 12:23:18 - admin - ha editado el jugador Antonio Escribano Gómez (#69)
2026-01-19 12:23:43 - admin - ha editado el jugador Deivid Pires da Silva Santos (#70)
2026-01-19 12:28:37 - admin - ha editado el jugador Javier Alonso Giménez (#71)
2026-01-19 12:29:15 - admin - ha editado el jugador Cecilio Morales Barbado (#5)
2026-01-19 12:29:22 - admin - ha editado el jugador Cecilio Morales Barbado (#5)
2026-01-19 12:29:29 - admin - ha editado el jugador Cecilio Morales Barbado (#5)
2026-01-19 12:29:35 - admin - ha editado el jugador Cecilio Morales Barbado (#5)
2026-01-19 12:29:54 - admin - ha editado el jugador Dennis Berthod (#36)
2026-01-19 12:29:54 - admin - ha editado el jugador Dennis Berthod (#36)
2026-01-19 12:30:17 - admin - ha editado el jugador Carlos Barrón Redondo (#22)
2026-01-19 12:30:17 - admin - ha editado el jugador Carlos Barrón Redondo (#22)
2026-01-19 12:33:01 - admin - ha editado el jugador Rafael García Aguilera (#60)
2026-01-19 12:33:11 - admin - ha editado el jugador Rafael García Aguilera (#60)
2026-01-19 12:34:01 - admin - Inicio de sesión - Éxito
2026-01-19 12:34:13 - admin - ha editado el jugador Jesús Herrero Parrón (#1)
2026-01-19 12:34:26 - admin - ha editado el jugador Rafael García Aguilera (#60)
2026-01-19 12:34:50 - admin - Inicio de sesión - Éxito
2026-01-19 12:35:29 - admin - ha editado el jugador Jesús Herrero Parrón (#1)
2026-01-19 12:35:41 - admin - ha editado el jugador Lucas Leandro Machado (#27)
2026-01-19 12:35:41 - admin - ha editado el jugador Lucas Leandro Machado (#27)
2026-01-19 12:35:46 - admin - ha editado el jugador Manuel Piqueras Dólera (#26)
2026-01-19 12:35:46 - admin - ha editado el jugador Manuel Piqueras Dólera (#26)
2026-01-19 12:35:50 - admin - ha editado el jugador David Pasinato Belorin (#25)
2026-01-19 12:35:50 - admin - ha editado el jugador David Pasinato Belorin (#25)
2026-01-19 12:35:58 - admin - ha editado el jugador Luan Muller Barboza (#24)
2026-01-19 12:35:58 - admin - ha editado el jugador Luan Muller Barboza (#24)
2026-01-19 12:36:06 - admin - ha editado el jugador David Peña Romero (#28)
2026-01-19 12:36:06 - admin - ha editado el jugador David Peña Romero (#28)
2026-01-19 12:36:20 - admin - ha editado el jugador Dennis Berthod (#36)
2026-01-19 12:36:20 - admin - ha editado el jugador Dennis Berthod (#36)
2026-01-19 12:36:27 - admin - ha editado el jugador Manuel Aguayo Aguayo (#37)
2026-01-19 12:36:27 - admin - ha editado el jugador Manuel Aguayo Aguayo (#37)
2026-01-19 12:36:53 - admin - ha editado el jugador Matías Starna (#38)
2026-01-19 12:36:53 - admin - ha editado el jugador Matías Starna (#38)
2026-01-19 12:37:21 - admin - ha editado el jugador Xavier Cols Bertrán (#39)
2026-01-19 12:37:21 - admin - ha editado el jugador Xavier Cols Bertrán (#39)
2026-01-19 12:37:29 - admin - ha editado el jugador Jon Joseba De Olabarria Gil (#41)
2026-01-19 12:37:29 - admin - ha editado el jugador Jon Joseba De Olabarria Gil (#41)
2026-01-19 12:37:34 - admin - ha editado el jugador Iván Rumbo Rodríguez (#40)
2026-01-19 12:37:34 - admin - ha editado el jugador Iván Rumbo Rodríguez (#40)
2026-01-19 12:37:45 - admin - ha editado el jugador Ricardo Henrique Lemos Diniz (#62)
2026-01-19 12:37:53 - admin - ha editado el jugador Marcel De Mendoça Marques (#63)
2026-01-19 12:37:58 - admin - ha editado el jugador Ricardo Henrique Lemos Diniz (#61)
2026-01-19 12:38:04 - admin - ha editado el jugador David Álvarez Munteis (#64)
2026-01-19 12:38:14 - admin - ha editado el jugador Daniel López Juárez (#66)
2026-01-19 12:38:21 - admin - ha editado el jugador Antonio Navarro López (#65)
2026-01-19 12:38:26 - admin - ha editado el jugador Santiago Abilio Suárez García (#67)
2026-01-19 12:38:33 - admin - ha editado el jugador Javier Fernández Pacheco Serrano (#68)
2026-01-19 12:38:40 - admin - ha editado el jugador Antonio Escribano Gómez (#69)
2026-01-19 12:38:46 - admin - ha editado el jugador Deivid Pires da Silva Santos (#70)
2026-01-19 12:38:52 - admin - ha editado el jugador Deivid Pires da Silva Santos (#70)
2026-01-19 12:38:58 - admin - ha editado el jugador Javier Alonso Giménez (#71)
2026-01-19 12:39:09 - admin - ha editado el jugador Gabriel Morgato Shiga (#42)
2026-01-19 12:39:09 - admin - ha editado el jugador Gabriel Morgato Shiga (#42)
2026-01-19 12:39:19 - admin - ha editado el jugador Carlos Barrón Redondo (#22)
2026-01-19 12:39:19 - admin - ha editado el jugador Carlos Barrón Redondo (#22)
2026-01-19 12:39:25 - admin - ha editado el jugador Dennis Vasconcelos Cavalcanti (#23)
2026-01-19 12:39:25 - admin - ha editado el jugador Dennis Vasconcelos Cavalcanti (#23)
2026-01-19 12:39:32 - admin - ha editado el jugador Cecilio Morales Barbado (#5)
2026-01-19 12:40:12 - admin - ha editado el equipo Islas Baleares Palma Futsal (#4)
2026-01-19 12:41:02 - admin - ha editado el equipo Islas Baleares Palma Futsal (#4)
2026-01-19 12:41:34 - admin - ha editado el equipo Islas Baleares Palma Futsal (#4)
2026-01-19 12:44:08 - admin - Inicio de sesión - Éxito
2026-01-19 12:44:21 - admin - Inicio de sesión - Éxito
2026-01-19 12:45:49 - admin - Inicio de sesión - Éxito
2026-01-19 12:46:16 - admin - ha editado el equipo Islas Baleares Palma Futsal (#4)
2026-01-19 12:51:16 - admin - Inicio de sesión - Éxito
2026-01-19 12:51:48 - admin - ha editado el equipo Islas Baleares Palma Futsal (#4)
2026-01-19 12:52:10 - admin - Inicio de sesión - Éxito
2026-01-19 12:52:56 - admin - ha editado el equipo O Parrulo Ferrol (#6)
2026-01-19 12:53:07 - admin - ha editado el equipo O Parrulo Ferrol (#6)
2026-01-19 12:53:23 - admin - ha editado el equipo O Parrulo Ferrol (#6)
2026-01-19 12:55:16 - admin - Inicio de sesión - Éxito
2026-01-19 12:56:04 - admin - ha editado el jugador Matheus Rodrigues Cézar da Silva (#54)
2026-01-19 12:56:46 - admin - ha editado el jugador Matheus Rodrigues Cézar da Silva (#54)
2026-01-19 12:57:01 - admin - Inicio de sesión - Éxito
2026-01-19 12:57:34 - admin - ha editado el jugador Matheus Rodrigues Cézar da Silva (#54)
2026-01-19 12:58:12 - admin - ha editado el equipo Islas Baleares Palma Futsal (#4)
2026-01-19 12:59:38 - admin - ha editado el jugador Iván Rumbo Rodríguez (#40)
2026-01-19 12:59:38 - admin - ha editado el jugador Iván Rumbo Rodríguez (#40)
2026-01-19 12:59:47 - admin - ha editado el jugador Marc Tolrá García (#10)
2026-01-19 12:59:54 - admin - ha editado el jugador Rafael García Aguilera (#60)
2026-01-19 13:00:53 - admin - Inicio de sesión - Éxito
2026-01-19 13:01:23 - admin - Inicio de sesión - Éxito
2026-01-19 13:01:57 - admin - ha editado el equipo Islas Baleares Palma Futsal (#4)
2026-01-19 13:04:18 - admin - Inicio de sesión - Éxito
2026-01-19 13:05:14 - admin - ha cambiado el estado de la temporada #1 a abierta
2026-01-19 13:06:20 - admin - Inicio de sesión - Éxito
2026-01-19 13:06:57 - admin - Inicio de sesión - Éxito
2026-01-19 13:07:08 - admin - Inicio de sesión - Éxito
2026-01-19 13:10:03 - admin - Inicio de sesión - Éxito
2026-01-19 13:13:03 - admin - Inicio de sesión - Éxito
2026-01-19 13:13:47 - admin - ha creado la temporada Temporada 26-27 (#3)
2026-01-19 13:13:47 - admin - ha añadido el equipo #1 a la temporada #3
2026-01-19 13:13:47 - admin - ha añadido el equipo #2 a la temporada #3
2026-01-19 13:13:47 - admin - ha añadido el equipo #3 a la temporada #3
2026-01-19 13:13:47 - admin - ha añadido el equipo #4 a la temporada #3
2026-01-19 13:13:47 - admin - ha añadido el equipo #5 a la temporada #3
2026-01-19 13:13:47 - admin - ha añadido el equipo #6 a la temporada #3
2026-01-19 13:13:47 - admin - ha creado el partido #61 entre equipos #2 y #4 en la jornada #23
2026-01-19 13:13:47 - admin - ha creado el partido #62 entre equipos #6 y #5 en la jornada #23
2026-01-19 13:13:47 - admin - ha creado el partido #63 entre equipos #1 y #3 en la jornada #23
2026-01-19 13:13:47 - admin - ha creado el partido #64 entre equipos #2 y #3 en la jornada #24
2026-01-19 13:13:47 - admin - ha creado el partido #65 entre equipos #5 y #1 en la jornada #24
2026-01-19 13:13:47 - admin - ha creado el partido #66 entre equipos #4 y #6 en la jornada #24
2026-01-19 13:13:47 - admin - ha creado el partido #67 entre equipos #1 y #2 en la jornada #25
2026-01-19 13:13:47 - admin - ha creado el partido #68 entre equipos #5 y #3 en la jornada #25
2026-01-19 13:13:47 - admin - ha creado el partido #69 entre equipos #6 y #4 en la jornada #25
2026-01-19 13:13:47 - admin - ha creado el partido #70 entre equipos #2 y #1 en la jornada #26
2026-01-19 13:13:47 - admin - ha creado el partido #71 entre equipos #6 y #3 en la jornada #26
2026-01-19 13:13:47 - admin - ha creado el partido #72 entre equipos #5 y #4 en la jornada #26
2026-01-19 13:13:47 - admin - ha creado el partido #73 entre equipos #6 y #2 en la jornada #27
2026-01-19 13:13:47 - admin - ha creado el partido #74 entre equipos #4 y #3 en la jornada #27
2026-01-19 13:13:47 - admin - ha creado el partido #75 entre equipos #1 y #5 en la jornada #27
2026-01-19 13:13:47 - admin - ha creado el partido #76 entre equipos #5 y #2 en la jornada #28
2026-01-19 13:13:47 - admin - ha creado el partido #77 entre equipos #4 y #1 en la jornada #28
2026-01-19 13:13:47 - admin - ha creado el partido #78 entre equipos #3 y #6 en la jornada #28
2026-01-19 13:13:47 - admin - ha creado el partido #79 entre equipos #2 y #6 en la jornada #29
2026-01-19 13:13:47 - admin - ha creado el partido #80 entre equipos #3 y #5 en la jornada #29
2026-01-19 13:13:47 - admin - ha creado el partido #81 entre equipos #1 y #4 en la jornada #29
2026-01-19 13:13:47 - admin - ha creado el partido #82 entre equipos #5 y #6 en la jornada #30
2026-01-19 13:13:47 - admin - ha creado el partido #83 entre equipos #3 y #1 en la jornada #30
2026-01-19 13:13:47 - admin - ha creado el partido #84 entre equipos #4 y #2 en la jornada #30
2026-01-19 13:13:47 - admin - ha creado el partido #85 entre equipos #3 y #2 en la jornada #31
2026-01-19 13:13:47 - admin - ha creado el partido #86 entre equipos #4 y #5 en la jornada #31
2026-01-19 13:13:47 - admin - ha creado el partido #87 entre equipos #1 y #6 en la jornada #31
2026-01-19 13:13:47 - admin - ha creado el partido #88 entre equipos #2 y #5 en la jornada #32
2026-01-19 13:13:47 - admin - ha creado el partido #89 entre equipos #3 y #4 en la jornada #32
2026-01-19 13:13:47 - admin - ha creado el partido #90 entre equipos #6 y #1 en la jornada #32
2026-01-19 13:14:52 - admin - ha eliminado la temporada #3
2026-01-19 13:16:33 - admin - Inicio de sesión - Éxito
2026-01-19 13:33:15 - admin - Inicio de sesión - Éxito
2026-01-19 14:05:04 - admin - Inicio de sesión - Éxito2026-01-21 09:09:08 - admin - Inicio de sesión - Éxito
2026-01-21 09:11:46 - admin - Inicio de sesión - Éxito
2026-01-21 09:14:30 - admin - Inicio de sesión - Éxito
2026-01-21 09:51:56 - user1 - acción de user1
2026-01-21 09:51:56 - user2 - acción de user2
2026-01-21 09:51:56 - admin - acción de admin
2026-01-21 09:51:56 - desconocido - acción sin usuario
2026-01-21 09:51:56 - testuser - Inicio de sesión - Éxito
2026-01-21 09:51:56 - testuser - Inicio de sesión - Fallo
2026-01-21 09:51:56 - Creacion del usuario newuser
2026-01-21 09:51:56 - desconocido - acción con caracteres: ñ, á, é, í, ó, ú
2026-01-21 09:51:56 - Nuevo usuario usuario_ñ creado con rol admin
2026-01-21 09:51:56 - Nombre de usuario cambiado de oldname a newname
2026-01-21 09:51:56 - Usuario testuser eliminado
2026-01-21 09:51:56 - admin - acción 1
2026-01-21 09:51:56 - admin - acción 2
2026-01-21 09:51:56 - user1 - Inicio de sesión - Éxito
2026-01-21 09:51:56 - Nuevo usuario user2 creado con rol viewer
2026-01-21 09:51:56 - Contraseña del usuario user1 cambiada
2026-01-21 09:51:56 - Contraseña del usuario testuser cambiada
2026-01-21 09:51:56 - Nuevo usuario testuser creado con rol admin
2026-01-21 09:51:56 - Nuevo usuario anotheruser creado con rol user
2026-01-21 09:51:57 - admin - creó un equipo
2026-01-21 09:51:57 - admin - eliminó un jugador
2026-01-21 09:53:04 - user1 - acción de user1
2026-01-21 09:53:04 - user2 - acción de user2
2026-01-21 09:53:04 - admin - acción de admin
2026-01-21 09:53:04 - desconocido - acción sin usuario
2026-01-21 09:53:04 - testuser - Inicio de sesión - Éxito
2026-01-21 09:53:04 - testuser - Inicio de sesión - Fallo
2026-01-21 09:53:04 - Creacion del usuario newuser
2026-01-21 09:53:04 - desconocido - acción con caracteres: ñ, á, é, í, ó, ú
2026-01-21 09:53:04 - Nuevo usuario usuario_ñ creado con rol admin
2026-01-21 09:53:04 - Nombre de usuario cambiado de oldname a newname
2026-01-21 09:53:04 - Usuario testuser eliminado
2026-01-21 09:53:04 - admin - acción 1
2026-01-21 09:53:04 - admin - acción 2
2026-01-21 09:53:04 - user1 - Inicio de sesión - Éxito
2026-01-21 09:53:04 - Nuevo usuario user2 creado con rol viewer
2026-01-21 09:53:04 - Contraseña del usuario user1 cambiada
2026-01-21 09:53:04 - Contraseña del usuario testuser cambiada
2026-01-21 09:53:04 - Nuevo usuario testuser creado con rol admin
2026-01-21 09:53:04 - Nuevo usuario anotheruser creado con rol user
2026-01-21 09:53:04 - admin - creó un equipo
2026-01-21 09:53:04 - admin - eliminó un jugador
2026-01-21 09:53:55 - user1 - acción de user1
2026-01-21 09:53:55 - user2 - acción de user2
2026-01-21 09:53:55 - admin - acción de admin
2026-01-21 09:53:55 - desconocido - acción sin usuario
2026-01-21 09:53:55 - testuser - Inicio de sesión - Éxito
2026-01-21 09:53:55 - testuser - Inicio de sesión - Fallo
2026-01-21 09:53:55 - Creacion del usuario newuser
2026-01-21 09:53:55 - desconocido - acción con caracteres: ñ, á, é, í, ó, ú
2026-01-21 09:53:55 - Nuevo usuario usuario_ñ creado con rol admin
2026-01-21 09:53:55 - Nombre de usuario cambiado de oldname a newname
2026-01-21 09:53:55 - Usuario testuser eliminado
2026-01-21 09:53:55 - admin - acción 1
2026-01-21 09:53:55 - admin - acción 2
2026-01-21 09:53:55 - user1 - Inicio de sesión - Éxito
2026-01-21 09:53:55 - Nuevo usuario user2 creado con rol viewer
2026-01-21 09:53:55 - Contraseña del usuario user1 cambiada
2026-01-21 09:53:55 - Contraseña del usuario testuser cambiada
2026-01-21 09:53:55 - Nuevo usuario testuser creado con rol admin
2026-01-21 09:53:55 - Nuevo usuario anotheruser creado con rol user
2026-01-21 09:53:55 - admin - creó un equipo
2026-01-21 09:53:55 - admin - eliminó un jugador
2026-01-21 09:54:35 - user1 - acción de user1
2026-01-21 09:54:35 - user2 - acción de user2
2026-01-21 09:54:35 - admin - acción de admin
2026-01-21 09:54:35 - desconocido - acción sin usuario
2026-01-21 09:54:35 - testuser - Inicio de sesión - Éxito
2026-01-21 09:54:35 - testuser - Inicio de sesión - Fallo
2026-01-21 09:54:35 - Creacion del usuario newuser
2026-01-21 09:54:35 - desconocido - acción con caracteres: ñ, á, é, í, ó, ú
2026-01-21 09:54:35 - Nuevo usuario usuario_ñ creado con rol admin
2026-01-21 09:54:35 - Nombre de usuario cambiado de oldname a newname
2026-01-21 09:54:35 - Usuario testuser eliminado
2026-01-21 09:54:35 - admin - acción 1
2026-01-21 09:54:35 - admin - acción 2
2026-01-21 09:54:35 - user1 - Inicio de sesión - Éxito
2026-01-21 09:54:35 - Nuevo usuario user2 creado con rol viewer
2026-01-21 09:54:35 - Contraseña del usuario user1 cambiada
2026-01-21 09:54:35 - Contraseña del usuario testuser cambiada
2026-01-21 09:54:35 - Nuevo usuario testuser creado con rol admin
2026-01-21 09:54:35 - Nuevo usuario anotheruser creado con rol user
2026-01-21 09:54:35 - admin - creó un equipo
2026-01-21 09:54:35 - admin - eliminó un jugador
2026-01-21 09:55:38 - user1 - acción de user1
2026-01-21 09:55:38 - user2 - acción de user2
2026-01-21 09:55:38 - admin - acción de admin
2026-01-21 09:55:38 - desconocido - acción sin usuario
2026-01-21 09:55:38 - testuser - Inicio de sesión - Éxito
2026-01-21 09:55:38 - testuser - Inicio de sesión - Fallo
2026-01-21 09:55:38 - Creacion del usuario newuser
2026-01-21 09:55:38 - desconocido - acción con caracteres: ñ, á, é, í, ó, ú
2026-01-21 09:55:38 - Nuevo usuario usuario_ñ creado con rol admin
2026-01-21 09:55:38 - Nombre de usuario cambiado de oldname a newname
2026-01-21 09:55:38 - Usuario testuser eliminado
2026-01-21 09:55:38 - admin - acción 1
2026-01-21 09:55:38 - admin - acción 2
2026-01-21 09:55:38 - user1 - Inicio de sesión - Éxito
2026-01-21 09:55:38 - Nuevo usuario user2 creado con rol viewer
2026-01-21 09:55:38 - Contraseña del usuario user1 cambiada
2026-01-21 09:55:38 - Contraseña del usuario testuser cambiada
2026-01-21 09:55:38 - Nuevo usuario testuser creado con rol admin
2026-01-21 09:55:38 - Nuevo usuario anotheruser creado con rol user
2026-01-21 09:55:38 - admin - creó un equipo
2026-01-21 09:55:38 - admin - eliminó un jugador
2026-01-21 09:56:02 - user1 - acción de user1
2026-01-21 09:56:02 - user2 - acción de user2
2026-01-21 09:56:02 - admin - acción de admin
2026-01-21 09:56:02 - desconocido - acción sin usuario
2026-01-21 09:56:02 - testuser - Inicio de sesión - Éxito
2026-01-21 09:56:02 - testuser - Inicio de sesión - Fallo
2026-01-21 09:56:02 - Creacion del usuario newuser
2026-01-21 09:56:02 - desconocido - acción con caracteres: ñ, á, é, í, ó, ú
2026-01-21 09:56:02 - Nuevo usuario usuario_ñ creado con rol admin
2026-01-21 09:56:02 - Nombre de usuario cambiado de oldname a newname
2026-01-21 09:56:02 - Usuario testuser eliminado
2026-01-21 09:56:02 - admin - acción 1
2026-01-21 09:56:02 - admin - acción 2
2026-01-21 09:56:02 - user1 - Inicio de sesión - Éxito
2026-01-21 09:56:02 - Nuevo usuario user2 creado con rol viewer
2026-01-21 09:56:02 - Contraseña del usuario user1 cambiada
2026-01-21 09:56:02 - Contraseña del usuario testuser cambiada
2026-01-21 09:56:02 - Nuevo usuario testuser creado con rol admin
2026-01-21 09:56:02 - Nuevo usuario anotheruser creado con rol user
2026-01-21 09:56:02 - admin - creó un equipo
2026-01-21 09:56:02 - admin - eliminó un jugador
2026-01-21 10:00:15 - desconocido - ha creado la temporada Test Delete (#1)
2026-01-21 10:00:15 - desconocido - ha creado la temporada Liga 2024 (#1)
2026-01-21 10:00:15 - desconocido - ha creado la temporada Temp 1 (#1)
2026-01-21 10:00:15 - desconocido - ha creado la temporada Temp 2 (#2)
2026-01-21 10:00:15 - desconocido - ha creado el jugador Active Player (#1)
2026-01-21 10:00:15 - desconocido - ha cambiado estado activo del jugador #1 a false
2026-01-21 10:00:15 - desconocido - ha creado la temporada Temporada Test (#1)
2026-01-21 10:00:15 - desconocido - ha creado la temporada Test (#1)
2026-01-21 10:00:15 - desconocido - ha creado la temporada Temporada Prueba (#1)
2026-01-21 10:00:15 - desconocido - ha creado el jugador Test Player (#1)
2026-01-21 10:00:15 - desconocido - ha creado el jugador Jugador Test (#1)
2026-01-21 10:00:15 - desconocido - ha creado el equipo Test Team (#1)
2026-01-21 10:00:15 - desconocido - ha creado la temporada Test Abierta (#1)
2026-01-21 10:00:15 - desconocido - ha creado el equipo Equipo Test (#1)
2026-01-21 10:00:15 - desconocido - ha creado la temporada Temp (#1)
2026-01-21 10:00:15 - desconocido - ha creado el equipo Equipo A (#1)
2026-01-21 10:00:15 - desconocido - ha creado el equipo Equipo B (#2)
2026-01-21 10:00:15 - desconocido - ha creado la jornada #1 para la temporada #1
2026-01-21 10:00:16 - desconocido - ha creado el partido #1 entre equipos #1 y #2 en la jornada #1
2026-01-21 10:00:16 - desconocido - ha creado la temporada Temp Test (#1)
2026-01-21 10:00:16 - desconocido - ha creado el equipo Equipo 1 (#1)
2026-01-21 10:00:16 - desconocido - ha creado el equipo Equipo 2 (#2)
2026-01-21 10:00:16 - desconocido - ha creado la temporada Temporada Test (#1)
2026-01-21 10:00:16 - desconocido - ha creado el jugador Jugador1 Test1 (#1)
2026-01-21 10:00:16 - desconocido - ha creado el jugador Jugador2 Test2 (#2)
2026-01-21 10:00:16 - desconocido - ha creado la temporada Test Cerrada (#1)
2026-01-21 10:00:16 - desconocido - ha creado el equipo Persistence Test (#1)
2026-01-21 10:00:16 - desconocido - ha creado la temporada Liga Test (#1)
2026-01-21 10:00:16 - desconocido - ha creado el equipo Real Madrid (#1)
2026-01-21 10:00:16 - desconocido - ha creado el equipo Barcelona (#2)
2026-01-21 10:00:16 - desconocido - ha creado el jugador Lionel Messi (#1)
2026-01-21 10:00:16 - user1 - acción de user1
2026-01-21 10:00:16 - user2 - acción de user2
2026-01-21 10:00:16 - admin - acción de admin
2026-01-21 10:00:16 - desconocido - acción sin usuario
2026-01-21 10:00:16 - testuser - Inicio de sesión - Éxito
2026-01-21 10:00:16 - testuser - Inicio de sesión - Fallo
2026-01-21 10:00:16 - Creacion del usuario newuser
2026-01-21 10:00:17 - desconocido - acción con caracteres: ñ, á, é, í, ó, ú
2026-01-21 10:00:17 - Nuevo usuario usuario_ñ creado con rol admin
2026-01-21 10:00:17 - Nombre de usuario cambiado de oldname a newname
2026-01-21 10:00:17 - Usuario testuser eliminado
2026-01-21 10:00:17 - admin - acción 1
2026-01-21 10:00:17 - admin - acción 2
2026-01-21 10:00:17 - user1 - Inicio de sesión - Éxito
2026-01-21 10:00:17 - Nuevo usuario user2 creado con rol viewer
2026-01-21 10:00:17 - Contraseña del usuario user1 cambiada
2026-01-21 10:00:17 - Contraseña del usuario testuser cambiada
2026-01-21 10:00:17 - Nuevo usuario testuser creado con rol admin
2026-01-21 10:00:17 - Nuevo usuario anotheruser creado con rol user
2026-01-21 10:00:17 - admin - creó un equipo
2026-01-21 10:00:17 - admin - eliminó un jugador
2026-01-21 10:00:43 - desconocido - ha creado la temporada Test Delete (#1)
2026-01-21 10:00:43 - desconocido - ha creado la temporada Liga 2024 (#1)
2026-01-21 10:00:43 - desconocido - ha creado la temporada Temp 1 (#1)
2026-01-21 10:00:43 - desconocido - ha creado la temporada Temp 2 (#2)
2026-01-21 10:00:43 - desconocido - ha creado el jugador Active Player (#1)
2026-01-21 10:00:43 - desconocido - ha cambiado estado activo del jugador #1 a false
2026-01-21 10:00:43 - desconocido - ha creado la temporada Temporada Test (#1)
2026-01-21 10:00:43 - desconocido - ha creado la temporada Test (#1)
2026-01-21 10:00:43 - desconocido - ha creado la temporada Temporada Prueba (#1)
2026-01-21 10:00:43 - desconocido - ha creado el jugador Test Player (#1)
2026-01-21 10:00:43 - desconocido - ha creado el jugador Jugador Test (#1)
2026-01-21 10:00:43 - desconocido - ha creado el equipo Test Team (#1)
2026-01-21 10:00:43 - desconocido - ha creado la temporada Test Abierta (#1)
2026-01-21 10:00:43 - desconocido - ha creado el equipo Equipo Test (#1)
2026-01-21 10:00:43 - desconocido - ha creado la temporada Temp (#1)
2026-01-21 10:00:43 - desconocido - ha creado el equipo Equipo A (#1)
2026-01-21 10:00:43 - desconocido - ha creado el equipo Equipo B (#2)
2026-01-21 10:00:43 - desconocido - ha creado la jornada #1 para la temporada #1
2026-01-21 10:00:43 - desconocido - ha creado el partido #1 entre equipos #1 y #2 en la jornada #1
2026-01-21 10:00:43 - desconocido - ha creado la temporada Temp Test (#1)
2026-01-21 10:00:43 - desconocido - ha creado el equipo Equipo 1 (#1)
2026-01-21 10:00:43 - desconocido - ha creado el equipo Equipo 2 (#2)
2026-01-21 10:00:43 - desconocido - ha creado la temporada Temporada Test (#1)
2026-01-21 10:00:43 - desconocido - ha creado el jugador Jugador1 Test1 (#1)
2026-01-21 10:00:43 - desconocido - ha creado el jugador Jugador2 Test2 (#2)
2026-01-21 10:00:43 - desconocido - ha creado la temporada Test Cerrada (#1)
2026-01-21 10:00:43 - desconocido - ha creado el equipo Persistence Test (#1)
2026-01-21 10:00:43 - desconocido - ha creado la temporada Liga Test (#1)
2026-01-21 10:00:43 - desconocido - ha creado el equipo Real Madrid (#1)
2026-01-21 10:00:43 - desconocido - ha creado el equipo Barcelona (#2)
2026-01-21 10:00:43 - desconocido - ha creado el jugador Lionel Messi (#1)
2026-01-21 10:00:44 - user1 - acción de user1
2026-01-21 10:00:44 - user2 - acción de user2
2026-01-21 10:00:44 - admin - acción de admin
2026-01-21 10:00:44 - desconocido - acción sin usuario
2026-01-21 10:00:44 - testuser - Inicio de sesión - Éxito
2026-01-21 10:00:44 - testuser - Inicio de sesión - Fallo
2026-01-21 10:00:44 - Creacion del usuario newuser
2026-01-21 10:00:44 - desconocido - acción con caracteres: ñ, á, é, í, ó, ú
2026-01-21 10:00:44 - Nuevo usuario usuario_ñ creado con rol admin
2026-01-21 10:00:44 - Nombre de usuario cambiado de oldname a newname
2026-01-21 10:00:44 - Usuario testuser eliminado
2026-01-21 10:00:44 - admin - acción 1
2026-01-21 10:00:44 - admin - acción 2
2026-01-21 10:00:44 - user1 - Inicio de sesión - Éxito
2026-01-21 10:00:44 - Nuevo usuario user2 creado con rol viewer
2026-01-21 10:00:44 - Contraseña del usuario user1 cambiada
2026-01-21 10:00:44 - Contraseña del usuario testuser cambiada
2026-01-21 10:00:44 - Nuevo usuario testuser creado con rol admin
2026-01-21 10:00:44 - Nuevo usuario anotheruser creado con rol user
2026-01-21 10:00:44 - admin - creó un equipo
2026-01-21 10:00:44 - admin - eliminó un jugador
2026-01-21 10:01:08 - desconocido - ha creado la temporada Test Delete (#1)
2026-01-21 10:01:08 - desconocido - ha creado la temporada Liga 2024 (#1)
2026-01-21 10:01:08 - desconocido - ha creado la temporada Temp 1 (#1)
2026-01-21 10:01:08 - desconocido - ha creado la temporada Temp 2 (#2)
2026-01-21 10:01:08 - desconocido - ha creado la temporada Temp Test (#1)
2026-01-21 10:01:08 - desconocido - ha creado el equipo Test Team (#1)
2026-01-21 10:01:08 - desconocido - ha creado el jugador Active Player (#1)
2026-01-21 10:01:08 - desconocido - ha cambiado estado activo del jugador #1 a false
2026-01-21 10:01:08 - desconocido - ha creado la temporada Temporada Test (#1)
2026-01-21 10:01:08 - desconocido - ha creado la temporada Test (#1)
2026-01-21 10:01:08 - desconocido - ha creado la temporada Temporada Prueba (#1)
2026-01-21 10:01:08 - desconocido - ha creado el jugador Test Player (#1)
2026-01-21 10:01:08 - desconocido - ha creado el jugador Jugador Test (#1)
2026-01-21 10:01:08 - desconocido - ha creado el equipo Test Team (#1)
2026-01-21 10:01:08 - desconocido - ha creado la temporada Test Abierta (#1)
2026-01-21 10:01:08 - desconocido - ha creado el equipo Equipo Test (#1)
2026-01-21 10:01:08 - desconocido - ha creado la temporada Temp (#1)
2026-01-21 10:01:08 - desconocido - ha creado el equipo Equipo A (#1)
2026-01-21 10:01:08 - desconocido - ha creado el equipo Equipo B (#2)
2026-01-21 10:01:08 - desconocido - ha creado la jornada #1 para la temporada #1
2026-01-21 10:01:08 - desconocido - ha creado el partido #1 entre equipos #1 y #2 en la jornada #1
2026-01-21 10:01:08 - desconocido - ha creado la temporada Temp Test (#1)
2026-01-21 10:01:08 - desconocido - ha creado el equipo Equipo 1 (#1)
2026-01-21 10:01:08 - desconocido - ha creado el equipo Equipo 2 (#2)
2026-01-21 10:01:08 - desconocido - ha creado la temporada Temporada Test (#1)
2026-01-21 10:01:08 - desconocido - ha creado el jugador Jugador1 Test1 (#1)
2026-01-21 10:01:08 - desconocido - ha creado el jugador Jugador2 Test2 (#2)
2026-01-21 10:01:08 - desconocido - ha creado la temporada Test Cerrada (#1)
2026-01-21 10:01:08 - desconocido - ha creado el equipo Persistence Test (#1)
2026-01-21 10:01:08 - desconocido - ha creado la temporada Liga Test (#1)
2026-01-21 10:01:08 - desconocido - ha creado el equipo Real Madrid (#1)
2026-01-21 10:01:08 - desconocido - ha creado el equipo Barcelona (#2)
2026-01-21 10:01:08 - desconocido - ha creado el jugador Lionel Messi (#1)
2026-01-21 10:01:09 - user1 - acción de user1
2026-01-21 10:01:09 - user2 - acción de user2
2026-01-21 10:01:09 - admin - acción de admin
2026-01-21 10:01:09 - desconocido - acción sin usuario
2026-01-21 10:01:09 - testuser - Inicio de sesión - Éxito
2026-01-21 10:01:09 - testuser - Inicio de sesión - Fallo
2026-01-21 10:01:09 - Creacion del usuario newuser
2026-01-21 10:01:09 - desconocido - acción con caracteres: ñ, á, é, í, ó, ú
2026-01-21 10:01:09 - Nuevo usuario usuario_ñ creado con rol admin
2026-01-21 10:01:09 - Nombre de usuario cambiado de oldname a newname
2026-01-21 10:01:09 - Usuario testuser eliminado
2026-01-21 10:01:09 - admin - acción 1
2026-01-21 10:01:09 - admin - acción 2
2026-01-21 10:01:09 - user1 - Inicio de sesión - Éxito
2026-01-21 10:01:09 - Nuevo usuario user2 creado con rol viewer
2026-01-21 10:01:09 - Contraseña del usuario user1 cambiada
2026-01-21 10:01:09 - Contraseña del usuario testuser cambiada
2026-01-21 10:01:09 - Nuevo usuario testuser creado con rol admin
2026-01-21 10:01:09 - Nuevo usuario anotheruser creado con rol user
2026-01-21 10:01:09 - admin - creó un equipo
2026-01-21 10:01:09 - admin - eliminó un jugador
2026-01-21 10:01:39 - user1 - acción de user1
2026-01-21 10:01:39 - user2 - acción de user2
2026-01-21 10:01:39 - admin - acción de admin
2026-01-21 10:01:39 - desconocido - acción sin usuario
2026-01-21 10:01:39 - testuser - Inicio de sesión - Éxito
2026-01-21 10:01:39 - testuser - Inicio de sesión - Fallo
2026-01-21 10:01:39 - Creacion del usuario newuser
2026-01-21 10:01:39 - desconocido - acción con caracteres: ñ, á, é, í, ó, ú
2026-01-21 10:01:39 - Nuevo usuario usuario_ñ creado con rol admin
2026-01-21 10:01:39 - Nombre de usuario cambiado de oldname a newname
2026-01-21 10:01:39 - Usuario testuser eliminado
2026-01-21 10:01:39 - admin - acción 1
2026-01-21 10:01:39 - admin - acción 2
2026-01-21 10:01:39 - user1 - Inicio de sesión - Éxito
2026-01-21 10:01:39 - Nuevo usuario user2 creado con rol viewer
2026-01-21 10:01:39 - Contraseña del usuario user1 cambiada
2026-01-21 10:01:39 - Contraseña del usuario testuser cambiada
2026-01-21 10:01:39 - Nuevo usuario testuser creado con rol admin
2026-01-21 10:01:39 - Nuevo usuario anotheruser creado con rol user
2026-01-21 10:01:39 - admin - creó un equipo
2026-01-21 10:01:39 - admin - eliminó un jugador
2026-01-21 10:01:39 - admin - ha creado la temporada Test Delete (#1)
2026-01-21 10:01:39 - admin - ha creado la temporada Liga 2024 (#1)
2026-01-21 10:01:39 - admin - ha creado la temporada Temp 1 (#1)
2026-01-21 10:01:39 - admin - ha creado la temporada Temp 2 (#2)
2026-01-21 10:01:39 - admin - ha creado la temporada Temp Test (#1)
2026-01-21 10:01:39 - admin - ha creado el equipo Test Team (#1)
2026-01-21 10:01:39 - admin - ha creado el jugador Active Player (#1)
2026-01-21 10:01:39 - admin - ha cambiado estado activo del jugador #1 a false
2026-01-21 10:01:39 - admin - ha creado la temporada Temporada Test (#1)
2026-01-21 10:01:39 - admin - ha creado la temporada Test (#1)
2026-01-21 10:01:39 - admin - ha creado la temporada Temporada Prueba (#1)
2026-01-21 10:01:39 - admin - ha creado el jugador Test Player (#1)
2026-01-21 10:01:39 - admin - ha creado el jugador Jugador Test (#1)
2026-01-21 10:01:39 - admin - ha creado el equipo Test Team (#1)
2026-01-21 10:01:39 - admin - ha creado la temporada Test Abierta (#1)
2026-01-21 10:01:39 - admin - ha creado el equipo Equipo Test (#1)
2026-01-21 10:01:39 - admin - ha creado la temporada Temp (#1)
2026-01-21 10:01:39 - admin - ha creado el equipo Equipo A (#1)
2026-01-21 10:01:39 - admin - ha creado el equipo Equipo B (#2)
2026-01-21 10:01:39 - admin - ha creado la jornada #1 para la temporada #1
2026-01-21 10:01:39 - admin - ha creado el partido #1 entre equipos #1 y #2 en la jornada #1
2026-01-21 10:01:39 - admin - ha creado la temporada Temp Test (#1)
2026-01-21 10:01:39 - admin - ha creado el equipo Equipo 1 (#1)
2026-01-21 10:01:39 - admin - ha creado el equipo Equipo 2 (#2)
2026-01-21 10:01:39 - admin - ha creado la temporada Temporada Test (#1)
2026-01-21 10:01:39 - admin - ha creado el jugador Jugador1 Test1 (#1)
2026-01-21 10:01:39 - admin - ha creado el jugador Jugador2 Test2 (#2)
2026-01-21 10:01:39 - admin - ha creado la temporada Test Cerrada (#1)
2026-01-21 10:01:39 - admin - ha creado el equipo Persistence Test (#1)
2026-01-21 10:01:39 - admin - ha creado la temporada Liga Test (#1)
2026-01-21 10:01:39 - admin - ha creado el equipo Real Madrid (#1)
2026-01-21 10:01:39 - admin - ha creado el equipo Barcelona (#2)
2026-01-21 10:01:39 - admin - ha creado el jugador Lionel Messi (#1)
2026-01-21 10:01:45 - desconocido - ha creado la temporada Test Delete (#1)
2026-01-21 10:01:45 - desconocido - ha creado la temporada Liga 2024 (#1)
2026-01-21 10:01:45 - desconocido - ha creado la temporada Temp 1 (#1)
2026-01-21 10:01:45 - desconocido - ha creado la temporada Temp 2 (#2)
2026-01-21 10:01:45 - desconocido - ha creado la temporada Temp Test (#1)
2026-01-21 10:01:45 - desconocido - ha creado el equipo Test Team (#1)
2026-01-21 10:01:45 - desconocido - ha creado el jugador Active Player (#1)
2026-01-21 10:01:45 - desconocido - ha cambiado estado activo del jugador #1 a false
2026-01-21 10:01:45 - desconocido - ha creado la temporada Temporada Test (#1)
2026-01-21 10:01:45 - desconocido - ha creado la temporada Test (#1)
2026-01-21 10:01:45 - desconocido - ha creado la temporada Temporada Prueba (#1)
2026-01-21 10:01:45 - desconocido - ha creado el jugador Test Player (#1)
2026-01-21 10:01:45 - desconocido - ha creado el jugador Jugador Test (#1)
2026-01-21 10:01:45 - desconocido - ha creado el equipo Test Team (#1)
2026-01-21 10:01:45 - desconocido - ha creado la temporada Test Abierta (#1)
2026-01-21 10:01:45 - desconocido - ha creado el equipo Equipo Test (#1)
2026-01-21 10:01:45 - desconocido - ha creado la temporada Temp (#1)
2026-01-21 10:01:45 - desconocido - ha creado el equipo Equipo A (#1)
2026-01-21 10:01:45 - desconocido - ha creado el equipo Equipo B (#2)
2026-01-21 10:01:45 - desconocido - ha creado la jornada #1 para la temporada #1
2026-01-21 10:01:45 - desconocido - ha creado el partido #1 entre equipos #1 y #2 en la jornada #1
2026-01-21 10:01:45 - desconocido - ha creado la temporada Temp Test (#1)
2026-01-21 10:01:45 - desconocido - ha creado el equipo Equipo 1 (#1)
2026-01-21 10:01:45 - desconocido - ha creado el equipo Equipo 2 (#2)
2026-01-21 10:01:45 - desconocido - ha creado la temporada Temporada Test (#1)
2026-01-21 10:01:45 - desconocido - ha creado el jugador Jugador1 Test1 (#1)
2026-01-21 10:01:45 - desconocido - ha creado el jugador Jugador2 Test2 (#2)
2026-01-21 10:01:45 - desconocido - ha creado la temporada Test Cerrada (#1)
2026-01-21 10:01:45 - desconocido - ha creado el equipo Persistence Test (#1)
2026-01-21 10:01:45 - desconocido - ha creado la temporada Liga Test (#1)
2026-01-21 10:01:45 - desconocido - ha creado el equipo Real Madrid (#1)
2026-01-21 10:01:45 - desconocido - ha creado el equipo Barcelona (#2)
2026-01-21 10:01:45 - desconocido - ha creado el jugador Lionel Messi (#1)
2026-01-21 10:01:46 - user1 - acción de user1
2026-01-21 10:01:46 - user2 - acción de user2
2026-01-21 10:01:46 - admin - acción de admin
2026-01-21 10:01:46 - desconocido - acción sin usuario
2026-01-21 10:01:46 - testuser - Inicio de sesión - Éxito
2026-01-21 10:01:46 - testuser - Inicio de sesión - Fallo
2026-01-21 10:01:46 - Creacion del usuario newuser
2026-01-21 10:01:46 - desconocido - acción con caracteres: ñ, á, é, í, ó, ú
2026-01-21 10:01:46 - Nuevo usuario usuario_ñ creado con rol admin
2026-01-21 10:01:46 - Nombre de usuario cambiado de oldname a newname
2026-01-21 10:01:46 - Usuario testuser eliminado
2026-01-21 10:01:46 - admin - acción 1
2026-01-21 10:01:46 - admin - acción 2
2026-01-21 10:01:46 - user1 - Inicio de sesión - Éxito
2026-01-21 10:01:46 - Nuevo usuario user2 creado con rol viewer
2026-01-21 10:01:46 - Contraseña del usuario user1 cambiada
2026-01-21 10:01:46 - Contraseña del usuario testuser cambiada
2026-01-21 10:01:46 - Nuevo usuario testuser creado con rol admin
2026-01-21 10:01:46 - Nuevo usuario anotheruser creado con rol user
2026-01-21 10:01:46 - admin - creó un equipo
2026-01-21 10:01:46 - admin - eliminó un jugador
2026-01-21 10:14:38 - desconocido - ha creado la temporada Test Delete (#1)
2026-01-21 10:14:38 - desconocido - ha creado la temporada Liga 2024 (#1)
2026-01-21 10:14:38 - desconocido - ha creado la temporada Temp 1 (#1)
2026-01-21 10:14:38 - desconocido - ha creado la temporada Temp 2 (#2)
2026-01-21 10:14:38 - desconocido - ha creado la temporada Temp Test (#1)
2026-01-21 10:14:38 - desconocido - ha creado el equipo Test Team (#1)
2026-01-21 10:14:38 - desconocido - ha creado el jugador Active Player (#1)
2026-01-21 10:14:38 - desconocido - ha cambiado estado activo del jugador #1 a false
2026-01-21 10:14:38 - desconocido - ha creado la temporada Temporada Test (#1)
2026-01-21 10:14:38 - desconocido - ha creado la temporada Test (#1)
2026-01-21 10:14:38 - desconocido - ha creado la temporada Temporada Prueba (#1)
2026-01-21 10:14:38 - desconocido - ha creado el jugador Test Player (#1)
2026-01-21 10:14:38 - desconocido - ha creado el jugador Jugador Test (#1)
2026-01-21 10:14:38 - desconocido - ha creado el equipo Test Team (#1)
2026-01-21 10:14:38 - desconocido - ha creado la temporada Test Abierta (#1)
2026-01-21 10:14:38 - desconocido - ha creado el equipo Equipo Test (#1)
2026-01-21 10:14:38 - desconocido - ha creado la temporada Temp (#1)
2026-01-21 10:14:38 - desconocido - ha creado el equipo Equipo A (#1)
2026-01-21 10:14:38 - desconocido - ha creado el equipo Equipo B (#2)
2026-01-21 10:14:38 - desconocido - ha creado la jornada #1 para la temporada #1
2026-01-21 10:14:38 - desconocido - ha creado el partido #1 entre equipos #1 y #2 en la jornada #1
2026-01-21 10:14:38 - desconocido - ha creado la temporada Temp Test (#1)
2026-01-21 10:14:38 - desconocido - ha creado el equipo Equipo 1 (#1)
2026-01-21 10:14:38 - desconocido - ha creado el equipo Equipo 2 (#2)
2026-01-21 10:14:38 - desconocido - ha creado la temporada Temporada Test (#1)
2026-01-21 10:14:38 - desconocido - ha creado el jugador Jugador1 Test1 (#1)
2026-01-21 10:14:38 - desconocido - ha creado el jugador Jugador2 Test2 (#2)
2026-01-21 10:14:38 - desconocido - ha creado la temporada Test Cerrada (#1)
2026-01-21 10:14:38 - desconocido - ha creado el equipo Persistence Test (#1)
2026-01-21 10:14:38 - desconocido - ha creado la temporada Liga Test (#1)
2026-01-21 10:14:38 - desconocido - ha creado el equipo Real Madrid (#1)
2026-01-21 10:14:38 - desconocido - ha creado el equipo Barcelona (#2)
2026-01-21 10:14:38 - desconocido - ha creado el jugador Lionel Messi (#1)
2026-01-21 10:14:39 - user1 - acción de user1
2026-01-21 10:14:39 - user2 - acción de user2
2026-01-21 10:14:39 - admin - acción de admin
2026-01-21 10:14:39 - desconocido - acción sin usuario
2026-01-21 10:14:39 - testuser - Inicio de sesión - Éxito
2026-01-21 10:14:39 - testuser - Inicio de sesión - Fallo
2026-01-21 10:14:39 - Creacion del usuario newuser
2026-01-21 10:14:39 - desconocido - acción con caracteres: ñ, á, é, í, ó, ú
2026-01-21 10:14:39 - Nuevo usuario usuario_ñ creado con rol admin
2026-01-21 10:14:39 - Nombre de usuario cambiado de oldname a newname
2026-01-21 10:14:39 - Usuario testuser eliminado
2026-01-21 10:14:39 - admin - acción 1
2026-01-21 10:14:39 - admin - acción 2
2026-01-21 10:14:39 - user1 - Inicio de sesión - Éxito
2026-01-21 10:14:39 - Nuevo usuario user2 creado con rol viewer
2026-01-21 10:14:39 - Contraseña del usuario user1 cambiada
2026-01-21 10:14:39 - Contraseña del usuario testuser cambiada
2026-01-21 10:14:39 - Nuevo usuario testuser creado con rol admin
2026-01-21 10:14:39 - Nuevo usuario anotheruser creado con rol user
2026-01-21 10:14:39 - admin - creó un equipo
2026-01-21 10:14:39 - admin - eliminó un jugador
2026-01-21 10:15:49 - user1 - acción de user1
2026-01-21 10:15:49 - user2 - acción de user2
2026-01-21 10:15:49 - admin - acción de admin
2026-01-21 10:15:49 - desconocido - acción sin usuario
2026-01-21 10:15:49 - testuser - Inicio de sesión - Éxito
2026-01-21 10:15:49 - testuser - Inicio de sesión - Fallo
2026-01-21 10:15:49 - Creacion del usuario newuser
2026-01-21 10:15:49 - desconocido - acción con caracteres: ñ, á, é, í, ó, ú
2026-01-21 10:15:49 - Nuevo usuario usuario_ñ creado con rol admin
2026-01-21 10:15:49 - Nombre de usuario cambiado de oldname a newname
2026-01-21 10:15:49 - Usuario testuser eliminado
2026-01-21 10:15:49 - admin - acción 1
2026-01-21 10:15:49 - admin - acción 2
2026-01-21 10:15:49 - user1 - Inicio de sesión - Éxito
2026-01-21 10:15:49 - Nuevo usuario user2 creado con rol viewer
2026-01-21 10:15:49 - Contraseña del usuario user1 cambiada
2026-01-21 10:15:49 - Contraseña del usuario testuser cambiada
2026-01-21 10:15:49 - Nuevo usuario testuser creado con rol admin
2026-01-21 10:15:49 - Nuevo usuario anotheruser creado con rol user
2026-01-21 10:15:49 - admin - creó un equipo
2026-01-21 10:15:49 - admin - eliminó un jugador
2026-01-21 10:16:11 - user1 - acción de user1
2026-01-21 10:16:11 - user2 - acción de user2
2026-01-21 10:16:11 - admin - acción de admin
2026-01-21 10:16:11 - desconocido - acción sin usuario
2026-01-21 10:16:11 - testuser - Inicio de sesión - Éxito
2026-01-21 10:16:11 - testuser - Inicio de sesión - Fallo
2026-01-21 10:16:11 - Creacion del usuario newuser
2026-01-21 10:16:11 - desconocido - acción con caracteres: ñ, á, é, í, ó, ú
2026-01-21 10:16:11 - Nuevo usuario usuario_ñ creado con rol admin
2026-01-21 10:16:11 - Nombre de usuario cambiado de oldname a newname
2026-01-21 10:16:11 - Usuario testuser eliminado
2026-01-21 10:16:11 - admin - acción 1
2026-01-21 10:16:11 - admin - acción 2
2026-01-21 10:16:11 - user1 - Inicio de sesión - Éxito
2026-01-21 10:16:11 - Nuevo usuario user2 creado con rol viewer
2026-01-21 10:16:11 - Contraseña del usuario user1 cambiada
2026-01-21 10:16:11 - Contraseña del usuario testuser cambiada
2026-01-21 10:16:11 - Nuevo usuario testuser creado con rol admin
2026-01-21 10:16:11 - Nuevo usuario anotheruser creado con rol user
2026-01-21 10:16:11 - admin - creó un equipo
2026-01-21 10:16:11 - admin - eliminó un jugador
2026-01-21 10:17:15 - desconocido - ha creado la temporada Test Delete (#1)
2026-01-21 10:17:15 - desconocido - ha creado la temporada Liga 2024 (#1)
2026-01-21 10:17:15 - desconocido - ha creado la temporada Temp 1 (#1)
2026-01-21 10:17:15 - desconocido - ha creado la temporada Temp 2 (#2)
2026-01-21 10:17:15 - desconocido - ha creado la temporada Temp Test (#1)
2026-01-21 10:17:15 - desconocido - ha creado el equipo Test Team (#1)
2026-01-21 10:17:15 - desconocido - ha creado el jugador Active Player (#1)
2026-01-21 10:17:15 - desconocido - ha cambiado estado activo del jugador #1 a false
2026-01-21 10:17:15 - desconocido - ha creado la temporada Temporada Test (#1)
2026-01-21 10:17:15 - desconocido - ha creado la temporada Temporada Actual (#1)
2026-01-21 10:17:15 - desconocido - ha creado la temporada Test (#1)
2026-01-21 10:17:15 - desconocido - ha creado la temporada Temporada Prueba (#1)
2026-01-21 10:17:15 - desconocido - ha creado el jugador Test Player (#1)
2026-01-21 10:17:15 - desconocido - ha creado el jugador Jugador Test (#1)
2026-01-21 10:17:15 - desconocido - ha creado el equipo Test Team (#1)
2026-01-21 10:17:16 - desconocido - ha creado la temporada Test Abierta (#1)
2026-01-21 10:17:16 - desconocido - ha creado el equipo Equipo Test (#1)
2026-01-21 10:17:16 - desconocido - ha creado la temporada Temp (#1)
2026-01-21 10:17:16 - desconocido - ha creado el equipo Equipo A (#1)
2026-01-21 10:17:16 - desconocido - ha creado el equipo Equipo B (#2)
2026-01-21 10:17:16 - desconocido - ha creado la jornada #1 para la temporada #1
2026-01-21 10:17:16 - desconocido - ha creado el partido #1 entre equipos #1 y #2 en la jornada #1
2026-01-21 10:17:16 - desconocido - ha creado la temporada Temp Test (#1)
2026-01-21 10:17:16 - desconocido - ha creado el equipo Equipo 1 (#1)
2026-01-21 10:17:16 - desconocido - ha creado el equipo Equipo 2 (#2)
2026-01-21 10:17:16 - desconocido - ha creado la temporada Temporada Test (#1)
2026-01-21 10:17:16 - desconocido - ha creado el jugador Jugador1 Test1 (#1)
2026-01-21 10:17:16 - desconocido - ha creado el jugador Jugador2 Test2 (#2)
2026-01-21 10:17:16 - desconocido - ha creado la temporada Test Cerrada (#1)
2026-01-21 10:17:16 - desconocido - ha creado el equipo Persistence Test (#1)
2026-01-21 10:17:16 - desconocido - ha creado la temporada Liga Test (#1)
2026-01-21 10:17:16 - desconocido - ha creado el equipo Real Madrid (#1)
2026-01-21 10:17:16 - desconocido - ha creado el equipo Barcelona (#2)
2026-01-21 10:17:16 - desconocido - ha creado el jugador Lionel Messi (#1)
2026-01-21 10:17:22 - desconocido - ha creado la temporada Test Delete (#1)
2026-01-21 10:17:22 - desconocido - ha creado la temporada Liga 2024 (#1)
2026-01-21 10:17:22 - desconocido - ha creado la temporada Temp 1 (#1)
2026-01-21 10:17:22 - desconocido - ha creado la temporada Temp 2 (#2)
2026-01-21 10:17:22 - desconocido - ha creado la temporada Temp Test (#1)
2026-01-21 10:17:22 - desconocido - ha creado el equipo Test Team (#1)
2026-01-21 10:17:22 - desconocido - ha creado el jugador Active Player (#1)
2026-01-21 10:17:22 - desconocido - ha cambiado estado activo del jugador #1 a false
2026-01-21 10:17:22 - desconocido - ha creado la temporada Temporada Test (#1)
2026-01-21 10:17:22 - desconocido - ha creado la temporada Temporada Actual (#1)
2026-01-21 10:17:22 - desconocido - ha creado la temporada Test (#1)
2026-01-21 10:17:22 - desconocido - ha creado la temporada Temporada Prueba (#1)
2026-01-21 10:17:22 - desconocido - ha creado el jugador Test Player (#1)
2026-01-21 10:17:22 - desconocido - ha creado el jugador Jugador Test (#1)
2026-01-21 10:17:22 - desconocido - ha creado el equipo Test Team (#1)
2026-01-21 10:17:22 - desconocido - ha creado la temporada Test Abierta (#1)
2026-01-21 10:17:22 - desconocido - ha creado el equipo Equipo Test (#1)
2026-01-21 10:17:22 - desconocido - ha creado la temporada Temp (#1)
2026-01-21 10:17:22 - desconocido - ha creado el equipo Equipo A (#1)
2026-01-21 10:17:22 - desconocido - ha creado el equipo Equipo B (#2)
2026-01-21 10:17:22 - desconocido - ha creado la jornada #1 para la temporada #1
2026-01-21 10:17:22 - desconocido - ha creado el partido #1 entre equipos #1 y #2 en la jornada #1
2026-01-21 10:17:22 - desconocido - ha creado la temporada Temp Test (#1)
2026-01-21 10:17:22 - desconocido - ha creado el equipo Equipo 1 (#1)
2026-01-21 10:17:22 - desconocido - ha creado el equipo Equipo 2 (#2)
2026-01-21 10:17:22 - desconocido - ha creado la temporada Temporada Test (#1)
2026-01-21 10:17:22 - desconocido - ha creado el jugador Jugador1 Test1 (#1)
2026-01-21 10:17:22 - desconocido - ha creado el jugador Jugador2 Test2 (#2)
2026-01-21 10:17:22 - desconocido - ha creado la temporada Test Cerrada (#1)
2026-01-21 10:17:22 - desconocido - ha creado el equipo Persistence Test (#1)
2026-01-21 10:17:22 - desconocido - ha creado la temporada Liga Test (#1)
2026-01-21 10:17:22 - desconocido - ha creado el equipo Real Madrid (#1)
2026-01-21 10:17:22 - desconocido - ha creado el equipo Barcelona (#2)
2026-01-21 10:17:22 - desconocido - ha creado el jugador Lionel Messi (#1)
2026-01-21 10:18:01 - desconocido - ha creado la temporada Test Delete (#1)
2026-01-21 10:18:01 - desconocido - ha creado la temporada Liga 2024 (#1)
2026-01-21 10:18:01 - desconocido - ha creado la temporada Temp 1 (#1)
2026-01-21 10:18:01 - desconocido - ha creado la temporada Temp 2 (#2)
2026-01-21 10:18:01 - desconocido - ha creado la temporada Temp Test (#1)
2026-01-21 10:18:01 - desconocido - ha creado el equipo Test Team (#1)
2026-01-21 10:18:01 - desconocido - ha creado el jugador Active Player (#1)
2026-01-21 10:18:01 - desconocido - ha cambiado estado activo del jugador #1 a false
2026-01-21 10:18:01 - desconocido - ha creado la temporada Temporada Test (#1)
2026-01-21 10:18:01 - desconocido - ha creado la temporada Temporada Actual (#1)
2026-01-21 10:18:01 - desconocido - ha creado la temporada Test (#1)
2026-01-21 10:18:01 - desconocido - ha creado la temporada Temporada Prueba (#1)
2026-01-21 10:18:01 - desconocido - ha creado el jugador Test Player (#1)
2026-01-21 10:18:01 - desconocido - ha creado el jugador Jugador Test (#1)
2026-01-21 10:18:01 - desconocido - ha creado el equipo Test Team (#1)
2026-01-21 10:18:01 - desconocido - ha creado la temporada Test Abierta (#1)
2026-01-21 10:18:01 - desconocido - ha creado el equipo Equipo Test (#1)
2026-01-21 10:18:01 - desconocido - ha creado la temporada Temp (#1)
2026-01-21 10:18:01 - desconocido - ha creado el equipo Equipo A (#1)
2026-01-21 10:18:01 - desconocido - ha creado el equipo Equipo B (#2)
2026-01-21 10:18:01 - desconocido - ha creado la jornada #1 para la temporada #1
2026-01-21 10:18:02 - desconocido - ha creado el partido #1 entre equipos #1 y #2 en la jornada #1
2026-01-21 10:18:02 - desconocido - ha creado la temporada Temp Test (#1)
2026-01-21 10:18:02 - desconocido - ha creado el equipo Equipo 1 (#1)
2026-01-21 10:18:02 - desconocido - ha creado el equipo Equipo 2 (#2)
2026-01-21 10:18:02 - desconocido - ha creado la temporada Temporada Test (#1)
2026-01-21 10:18:02 - desconocido - ha creado el jugador Jugador1 Test1 (#1)
2026-01-21 10:18:02 - desconocido - ha creado el jugador Jugador2 Test2 (#2)
2026-01-21 10:18:02 - desconocido - ha creado la temporada Test Cerrada (#1)
2026-01-21 10:18:02 - desconocido - ha creado el equipo Persistence Test (#1)
2026-01-21 10:18:02 - desconocido - ha creado la temporada Liga Test (#1)
2026-01-21 10:18:02 - desconocido - ha creado el equipo Real Madrid (#1)
2026-01-21 10:18:02 - desconocido - ha creado el equipo Barcelona (#2)
2026-01-21 10:18:02 - desconocido - ha creado el jugador Lionel Messi (#1)
2026-01-21 10:18:11 - user1 - acción de user1
2026-01-21 10:18:11 - user2 - acción de user2
2026-01-21 10:18:11 - admin - acción de admin
2026-01-21 10:18:11 - desconocido - acción sin usuario
2026-01-21 10:18:11 - testuser - Inicio de sesión - Éxito
2026-01-21 10:18:11 - testuser - Inicio de sesión - Fallo
2026-01-21 10:18:11 - Creacion del usuario newuser
2026-01-21 10:18:11 - desconocido - acción con caracteres: ñ, á, é, í, ó, ú
2026-01-21 10:18:11 - Nuevo usuario usuario_ñ creado con rol admin
2026-01-21 10:18:11 - Nombre de usuario cambiado de oldname a newname
2026-01-21 10:18:11 - Usuario testuser eliminado
2026-01-21 10:18:11 - admin - acción 1
2026-01-21 10:18:11 - admin - acción 2
2026-01-21 10:18:11 - user1 - Inicio de sesión - Éxito
2026-01-21 10:18:11 - Nuevo usuario user2 creado con rol viewer
2026-01-21 10:18:11 - Contraseña del usuario user1 cambiada
2026-01-21 10:18:11 - Contraseña del usuario testuser cambiada
2026-01-21 10:18:11 - Nuevo usuario testuser creado con rol admin
2026-01-21 10:18:11 - Nuevo usuario anotheruser creado con rol user
2026-01-21 10:18:11 - admin - creó un equipo
2026-01-21 10:18:11 - admin - eliminó un jugador
2026-01-21 10:18:11 - admin - ha creado la temporada Test Delete (#1)
2026-01-21 10:18:11 - admin - ha creado la temporada Liga 2024 (#1)
2026-01-21 10:18:11 - admin - ha creado la temporada Temp 1 (#1)
2026-01-21 10:18:11 - admin - ha creado la temporada Temp 2 (#2)
2026-01-21 10:18:11 - admin - ha creado la temporada Temp Test (#1)
2026-01-21 10:18:11 - admin - ha creado el equipo Test Team (#1)
2026-01-21 10:18:11 - admin - ha creado el jugador Active Player (#1)
2026-01-21 10:18:11 - admin - ha cambiado estado activo del jugador #1 a false
2026-01-21 10:18:11 - admin - ha creado la temporada Temporada Test (#1)
2026-01-21 10:18:11 - admin - ha creado la temporada Temporada Actual (#1)
2026-01-21 10:18:11 - admin - ha creado la temporada Test (#1)
2026-01-21 10:18:11 - admin - ha creado la temporada Temporada Prueba (#1)
2026-01-21 10:18:11 - admin - ha creado el jugador Test Player (#1)
2026-01-21 10:18:11 - admin - ha creado el jugador Jugador Test (#1)
2026-01-21 10:18:11 - admin - ha creado el equipo Test Team (#1)
2026-01-21 10:18:11 - admin - ha creado la temporada Test Abierta (#1)
2026-01-21 10:18:11 - admin - ha creado el equipo Equipo Test (#1)
2026-01-21 10:18:11 - admin - ha creado la temporada Temp (#1)
2026-01-21 10:18:11 - admin - ha creado el equipo Equipo A (#1)
2026-01-21 10:18:11 - admin - ha creado el equipo Equipo B (#2)
2026-01-21 10:18:11 - admin - ha creado la jornada #1 para la temporada #1
2026-01-21 10:18:11 - admin - ha creado el partido #1 entre equipos #1 y #2 en la jornada #1
2026-01-21 10:18:11 - admin - ha creado la temporada Temp Test (#1)
2026-01-21 10:18:11 - admin - ha creado el equipo Equipo 1 (#1)
2026-01-21 10:18:11 - admin - ha creado el equipo Equipo 2 (#2)
2026-01-21 10:18:11 - admin - ha creado la temporada Temporada Test (#1)
2026-01-21 10:18:11 - admin - ha creado el jugador Jugador1 Test1 (#1)
2026-01-21 10:18:11 - admin - ha creado el jugador Jugador2 Test2 (#2)
2026-01-21 10:18:11 - admin - ha creado la temporada Test Cerrada (#1)
2026-01-21 10:18:11 - admin - ha creado el equipo Persistence Test (#1)
2026-01-21 10:18:11 - admin - ha creado la temporada Liga Test (#1)
2026-01-21 10:18:11 - admin - ha creado el equipo Real Madrid (#1)
2026-01-21 10:18:11 - admin - ha creado el equipo Barcelona (#2)
2026-01-21 10:18:11 - admin - ha creado el jugador Lionel Messi (#1)
2026-01-21 10:21:43 - desconocido - ha creado la temporada Test Delete (#1)
2026-01-21 10:21:43 - desconocido - ha creado la temporada Liga 2024 (#1)
2026-01-21 10:21:43 - desconocido - ha creado la temporada Temp 1 (#1)
2026-01-21 10:21:43 - desconocido - ha creado la temporada Temp 2 (#2)
2026-01-21 10:21:43 - desconocido - ha creado la temporada Temp Test (#1)
2026-01-21 10:21:43 - desconocido - ha creado el equipo Test Team (#1)
2026-01-21 10:21:43 - desconocido - ha creado el jugador Active Player (#1)
2026-01-21 10:21:43 - desconocido - ha cambiado estado activo del jugador #1 a false
2026-01-21 10:21:43 - desconocido - ha creado la temporada Temporada Test (#1)
2026-01-21 10:21:43 - desconocido - ha creado la temporada Temporada Actual (#1)
2026-01-21 10:21:43 - desconocido - ha creado la temporada Test (#1)
2026-01-21 10:21:43 - desconocido - ha creado la temporada Temporada Prueba (#1)
2026-01-21 10:21:43 - desconocido - ha creado el jugador Test Player (#1)
2026-01-21 10:21:43 - desconocido - ha creado el jugador Jugador Test (#1)
2026-01-21 10:21:43 - desconocido - ha creado el equipo Test Team (#1)
2026-01-21 10:21:43 - desconocido - ha creado la temporada Test Abierta (#1)
2026-01-21 10:21:43 - desconocido - ha creado el equipo Equipo Test (#1)
2026-01-21 10:21:43 - desconocido - ha creado la temporada Temp (#1)
2026-01-21 10:21:43 - desconocido - ha creado el equipo Equipo A (#1)
2026-01-21 10:21:43 - desconocido - ha creado el equipo Equipo B (#2)
2026-01-21 10:21:43 - desconocido - ha creado la jornada #1 para la temporada #1
2026-01-21 10:21:43 - desconocido - ha creado el partido #1 entre equipos #1 y #2 en la jornada #1
2026-01-21 10:21:43 - desconocido - ha creado la temporada Temp Test (#1)
2026-01-21 10:21:43 - desconocido - ha creado el equipo Equipo 1 (#1)
2026-01-21 10:21:43 - desconocido - ha creado el equipo Equipo 2 (#2)
2026-01-21 10:21:43 - desconocido - ha creado la temporada Temporada Test (#1)
2026-01-21 10:21:43 - desconocido - ha creado el jugador Jugador1 Test1 (#1)
2026-01-21 10:21:43 - desconocido - ha creado el jugador Jugador2 Test2 (#2)
2026-01-21 10:21:43 - desconocido - ha creado la temporada Test Cerrada (#1)
2026-01-21 10:21:43 - desconocido - ha creado el equipo Persistence Test (#1)
2026-01-21 10:21:43 - desconocido - ha creado la temporada Liga Test (#1)
2026-01-21 10:21:43 - desconocido - ha creado el equipo Real Madrid (#1)
2026-01-21 10:21:43 - desconocido - ha creado el equipo Barcelona (#2)
2026-01-21 10:21:43 - desconocido - ha creado el jugador Lionel Messi (#1)
2026-01-21 10:21:47 - desconocido - ha creado la temporada Test Delete (#1)
2026-01-21 10:21:47 - desconocido - ha creado la temporada Liga 2024 (#1)
2026-01-21 10:21:47 - desconocido - ha creado la temporada Temp 1 (#1)
2026-01-21 10:21:47 - desconocido - ha creado la temporada Temp 2 (#2)
2026-01-21 10:21:47 - desconocido - ha creado la temporada Temp Test (#1)
2026-01-21 10:21:47 - desconocido - ha creado el equipo Test Team (#1)
2026-01-21 10:21:47 - desconocido - ha creado el jugador Active Player (#1)
2026-01-21 10:21:47 - desconocido - ha cambiado estado activo del jugador #1 a false
2026-01-21 10:21:47 - desconocido - ha creado la temporada Temporada Test (#1)
2026-01-21 10:21:47 - desconocido - ha creado la temporada Temporada Actual (#1)
2026-01-21 10:21:47 - desconocido - ha creado la temporada Test (#1)
2026-01-21 10:21:47 - desconocido - ha creado la temporada Temporada Prueba (#1)
2026-01-21 10:21:47 - desconocido - ha creado el jugador Test Player (#1)
2026-01-21 10:21:47 - desconocido - ha creado el jugador Jugador Test (#1)
2026-01-21 10:21:47 - desconocido - ha creado el equipo Test Team (#1)
2026-01-21 10:21:47 - desconocido - ha creado la temporada Test Abierta (#1)
2026-01-21 10:21:47 - desconocido - ha creado el equipo Equipo Test (#1)
2026-01-21 10:21:47 - desconocido - ha creado la temporada Temp (#1)
2026-01-21 10:21:47 - desconocido - ha creado el equipo Equipo A (#1)
2026-01-21 10:21:47 - desconocido - ha creado el equipo Equipo B (#2)
2026-01-21 10:21:47 - desconocido - ha creado la jornada #1 para la temporada #1
2026-01-21 10:21:47 - desconocido - ha creado el partido #1 entre equipos #1 y #2 en la jornada #1
2026-01-21 10:21:47 - desconocido - ha creado la temporada Temp Test (#1)
2026-01-21 10:21:47 - desconocido - ha creado el equipo Equipo 1 (#1)
2026-01-21 10:21:47 - desconocido - ha creado el equipo Equipo 2 (#2)
2026-01-21 10:21:47 - desconocido - ha creado la temporada Temporada Test (#1)
2026-01-21 10:21:47 - desconocido - ha creado el jugador Jugador1 Test1 (#1)
2026-01-21 10:21:47 - desconocido - ha creado el jugador Jugador2 Test2 (#2)
2026-01-21 10:21:47 - desconocido - ha creado la temporada Test Cerrada (#1)
2026-01-21 10:21:47 - desconocido - ha creado el equipo Persistence Test (#1)
2026-01-21 10:21:47 - desconocido - ha creado la temporada Liga Test (#1)
2026-01-21 10:21:47 - desconocido - ha creado el equipo Real Madrid (#1)
2026-01-21 10:21:47 - desconocido - ha creado el equipo Barcelona (#2)
2026-01-21 10:21:47 - desconocido - ha creado el jugador Lionel Messi (#1)
2026-01-21 10:21:51 - desconocido - ha creado la temporada Test Delete (#1)
2026-01-21 10:21:51 - desconocido - ha creado la temporada Liga 2024 (#1)
2026-01-21 10:21:51 - desconocido - ha creado la temporada Temp 1 (#1)
2026-01-21 10:21:51 - desconocido - ha creado la temporada Temp 2 (#2)
2026-01-21 10:21:51 - desconocido - ha creado la temporada Temp Test (#1)
2026-01-21 10:21:51 - desconocido - ha creado el equipo Test Team (#1)
2026-01-21 10:21:51 - desconocido - ha creado el jugador Active Player (#1)
2026-01-21 10:21:51 - desconocido - ha cambiado estado activo del jugador #1 a false
2026-01-21 10:21:51 - desconocido - ha creado la temporada Temporada Test (#1)
2026-01-21 10:21:51 - desconocido - ha creado la temporada Temporada Actual (#1)
2026-01-21 10:21:51 - desconocido - ha creado la temporada Test (#1)
2026-01-21 10:21:51 - desconocido - ha creado la temporada Temporada Prueba (#1)
2026-01-21 10:21:51 - desconocido - ha creado el jugador Test Player (#1)
2026-01-21 10:21:51 - desconocido - ha creado el jugador Jugador Test (#1)
2026-01-21 10:21:51 - desconocido - ha creado el equipo Test Team (#1)
2026-01-21 10:21:51 - desconocido - ha creado la temporada Test Abierta (#1)
2026-01-21 10:21:51 - desconocido - ha creado el equipo Equipo Test (#1)
2026-01-21 10:21:51 - desconocido - ha creado la temporada Temp (#1)
2026-01-21 10:21:51 - desconocido - ha creado el equipo Equipo A (#1)
2026-01-21 10:21:51 - desconocido - ha creado el equipo Equipo B (#2)
2026-01-21 10:21:51 - desconocido - ha creado la jornada #1 para la temporada #1
2026-01-21 10:21:51 - desconocido - ha creado el partido #1 entre equipos #1 y #2 en la jornada #1
2026-01-21 10:21:51 - desconocido - ha creado la temporada Temp Test (#1)
2026-01-21 10:21:51 - desconocido - ha creado el equipo Equipo 1 (#1)
2026-01-21 10:21:51 - desconocido - ha creado el equipo Equipo 2 (#2)
2026-01-21 10:21:51 - desconocido - ha creado la temporada Temporada Test (#1)
2026-01-21 10:21:51 - desconocido - ha creado el jugador Jugador1 Test1 (#1)
2026-01-21 10:21:51 - desconocido - ha creado el jugador Jugador2 Test2 (#2)
2026-01-21 10:21:51 - desconocido - ha creado la temporada Test Cerrada (#1)
2026-01-21 10:21:51 - desconocido - ha creado el equipo Persistence Test (#1)
2026-01-21 10:21:51 - desconocido - ha creado la temporada Liga Test (#1)
2026-01-21 10:21:51 - desconocido - ha creado el equipo Real Madrid (#1)
2026-01-21 10:21:51 - desconocido - ha creado el equipo Barcelona (#2)
2026-01-21 10:21:51 - desconocido - ha creado el jugador Lionel Messi (#1)
2026-01-21 10:21:52 - user1 - acción de user1
2026-01-21 10:21:52 - user2 - acción de user2
2026-01-21 10:21:52 - admin - acción de admin
2026-01-21 10:21:52 - desconocido - acción sin usuario
2026-01-21 10:21:52 - testuser - Inicio de sesión - Éxito
2026-01-21 10:21:52 - testuser - Inicio de sesión - Fallo
2026-01-21 10:21:52 - Creacion del usuario newuser
2026-01-21 10:21:52 - desconocido - acción con caracteres: ñ, á, é, í, ó, ú
2026-01-21 10:21:52 - Nuevo usuario usuario_ñ creado con rol admin
2026-01-21 10:21:52 - Nombre de usuario cambiado de oldname a newname
2026-01-21 10:21:52 - Usuario testuser eliminado
2026-01-21 10:21:52 - admin - acción 1
2026-01-21 10:21:52 - admin - acción 2
2026-01-21 10:21:52 - user1 - Inicio de sesión - Éxito
2026-01-21 10:21:52 - Nuevo usuario user2 creado con rol viewer
2026-01-21 10:21:52 - Contraseña del usuario user1 cambiada
2026-01-21 10:21:52 - Contraseña del usuario testuser cambiada
2026-01-21 10:21:52 - Nuevo usuario testuser creado con rol admin
2026-01-21 10:21:52 - Nuevo usuario anotheruser creado con rol user
2026-01-21 10:21:52 - admin - creó un equipo
2026-01-21 10:21:52 - admin - eliminó un jugador
2026-01-21 10:37:01 - Creacion del usuario admin
2026-01-21 10:37:04 - admin - Inicio de sesión - Éxito
